2019-05-08 15:35:25,144:INFO main (AbstractApplicationContext.java:583) - Refreshing org.springframework.context.annotation.AnnotationConfigApplicationContext@33d05366: startup date [Wed May 08 15:35:25 CST 2019]; root of context hierarchy
2019-05-08 15:35:25,561:INFO background-preinit (Version.java:30) - HV000001: Hibernate Validator 5.3.6.Final
2019-05-08 15:35:25,891:INFO main (AutowiredAnnotationBeanPostProcessor.java:155) - JSR-330 'javax.inject.Inject' annotation found and supported for autowiring
2019-05-08 15:35:25,970:INFO main (PostProcessorRegistrationDelegate.java:327) - Bean 'configurationPropertiesRebinderAutoConfiguration' of type [org.springframework.cloud.autoconfigure.ConfigurationPropertiesRebinderAutoConfiguration$$EnhancerBySpringCGLIB$$b42dbf52] is not eligible for getting processed by all BeanPostProcessors (for example: not eligible for auto-proxying)
2019-05-08 15:35:27,533:INFO main (SpringApplication.java:597) - The following profiles are active: local
2019-05-08 15:35:27,565:INFO main (AbstractApplicationContext.java:583) - Refreshing org.springframework.boot.context.embedded.AnnotationConfigEmbeddedWebApplicationContext@5f038248: startup date [Wed May 08 15:35:27 CST 2019]; parent: org.springframework.context.annotation.AnnotationConfigApplicationContext@33d05366
2019-05-08 15:35:30,037:INFO main (DefaultListableBeanFactory.java:828) - Overriding bean definition for bean 'redisTemplate' with a different definition: replacing [Root bean: class [null]; scope=; abstract=false; lazyInit=false; autowireMode=3; dependencyCheck=0; autowireCandidate=true; primary=false; factoryBeanName=redisConfig; factoryMethodName=redisTemplate; initMethodName=null; destroyMethodName=(inferred); defined in class path resource [com/vpclub/config/RedisConfig.class]] with [Root bean: class [null]; scope=; abstract=false; lazyInit=false; autowireMode=3; dependencyCheck=0; autowireCandidate=true; primary=false; factoryBeanName=redisAutoConfiguration; factoryMethodName=redisTemplate; initMethodName=null; destroyMethodName=(inferred); defined in class path resource [com/vpclub/redis/RedisAutoConfiguration.class]]
2019-05-08 15:35:30,038:INFO main (DefaultListableBeanFactory.java:828) - Overriding bean definition for bean 'redisUtils' with a different definition: replacing [Generic bean: class [com.vpclub.redis.RedisUtils]; scope=singleton; abstract=false; lazyInit=false; autowireMode=0; dependencyCheck=0; autowireCandidate=true; primary=false; factoryBeanName=null; factoryMethodName=null; initMethodName=null; destroyMethodName=null; defined in file [D:\Git\project\new\vpjoinin\common\common-model\target\classes\com\vpclub\redis\RedisUtils.class]] with [Root bean: class [null]; scope=; abstract=false; lazyInit=false; autowireMode=3; dependencyCheck=0; autowireCandidate=true; primary=false; factoryBeanName=redisAutoConfiguration; factoryMethodName=redisUtils; initMethodName=null; destroyMethodName=(inferred); defined in class path resource [com/vpclub/redis/RedisAutoConfiguration.class]]
2019-05-08 15:35:30,040:INFO main (DefaultListableBeanFactory.java:828) - Overriding bean definition for bean 'hashOperations' with a different definition: replacing [Root bean: class [null]; scope=; abstract=false; lazyInit=false; autowireMode=3; dependencyCheck=0; autowireCandidate=true; primary=false; factoryBeanName=redisConfig; factoryMethodName=hashOperations; initMethodName=null; destroyMethodName=(inferred); defined in class path resource [com/vpclub/config/RedisConfig.class]] with [Root bean: class [null]; scope=; abstract=false; lazyInit=false; autowireMode=3; dependencyCheck=0; autowireCandidate=true; primary=false; factoryBeanName=redisAutoConfiguration; factoryMethodName=hashOperations; initMethodName=null; destroyMethodName=(inferred); defined in class path resource [com/vpclub/redis/RedisAutoConfiguration.class]]
2019-05-08 15:35:30,041:INFO main (DefaultListableBeanFactory.java:828) - Overriding bean definition for bean 'valueOperations' with a different definition: replacing [Root bean: class [null]; scope=; abstract=false; lazyInit=false; autowireMode=3; dependencyCheck=0; autowireCandidate=true; primary=false; factoryBeanName=redisConfig; factoryMethodName=valueOperations; initMethodName=null; destroyMethodName=(inferred); defined in class path resource [com/vpclub/config/RedisConfig.class]] with [Root bean: class [null]; scope=; abstract=false; lazyInit=false; autowireMode=3; dependencyCheck=0; autowireCandidate=true; primary=false; factoryBeanName=redisAutoConfiguration; factoryMethodName=valueOperations; initMethodName=null; destroyMethodName=(inferred); defined in class path resource [com/vpclub/redis/RedisAutoConfiguration.class]]
2019-05-08 15:35:30,043:INFO main (DefaultListableBeanFactory.java:828) - Overriding bean definition for bean 'listOperations' with a different definition: replacing [Root bean: class [null]; scope=; abstract=false; lazyInit=false; autowireMode=3; dependencyCheck=0; autowireCandidate=true; primary=false; factoryBeanName=redisConfig; factoryMethodName=listOperations; initMethodName=null; destroyMethodName=(inferred); defined in class path resource [com/vpclub/config/RedisConfig.class]] with [Root bean: class [null]; scope=; abstract=false; lazyInit=false; autowireMode=3; dependencyCheck=0; autowireCandidate=true; primary=false; factoryBeanName=redisAutoConfiguration; factoryMethodName=listOperations; initMethodName=null; destroyMethodName=(inferred); defined in class path resource [com/vpclub/redis/RedisAutoConfiguration.class]]
2019-05-08 15:35:30,044:INFO main (DefaultListableBeanFactory.java:828) - Overriding bean definition for bean 'setOperations' with a different definition: replacing [Root bean: class [null]; scope=; abstract=false; lazyInit=false; autowireMode=3; dependencyCheck=0; autowireCandidate=true; primary=false; factoryBeanName=redisConfig; factoryMethodName=setOperations; initMethodName=null; destroyMethodName=(inferred); defined in class path resource [com/vpclub/config/RedisConfig.class]] with [Root bean: class [null]; scope=; abstract=false; lazyInit=false; autowireMode=3; dependencyCheck=0; autowireCandidate=true; primary=false; factoryBeanName=redisAutoConfiguration; factoryMethodName=setOperations; initMethodName=null; destroyMethodName=(inferred); defined in class path resource [com/vpclub/redis/RedisAutoConfiguration.class]]
2019-05-08 15:35:30,045:INFO main (DefaultListableBeanFactory.java:828) - Overriding bean definition for bean 'zSetOperations' with a different definition: replacing [Root bean: class [null]; scope=; abstract=false; lazyInit=false; autowireMode=3; dependencyCheck=0; autowireCandidate=true; primary=false; factoryBeanName=redisConfig; factoryMethodName=zSetOperations; initMethodName=null; destroyMethodName=(inferred); defined in class path resource [com/vpclub/config/RedisConfig.class]] with [Root bean: class [null]; scope=; abstract=false; lazyInit=false; autowireMode=3; dependencyCheck=0; autowireCandidate=true; primary=false; factoryBeanName=redisAutoConfiguration; factoryMethodName=zSetOperations; initMethodName=null; destroyMethodName=(inferred); defined in class path resource [com/vpclub/redis/RedisAutoConfiguration.class]]
2019-05-08 15:35:30,810:INFO main (RepositoryConfigurationDelegate.java:165) - Multiple Spring Data modules found, entering strict repository configuration mode!
2019-05-08 15:35:31,140:INFO main (DefaultListableBeanFactory.java:828) - Overriding bean definition for bean 'characterEncodingFilter' with a different definition: replacing [Root bean: class [null]; scope=; abstract=false; lazyInit=false; autowireMode=3; dependencyCheck=0; autowireCandidate=true; primary=false; factoryBeanName=webMvcConfigurer; factoryMethodName=characterEncodingFilter; initMethodName=null; destroyMethodName=(inferred); defined in class path resource [com/vpclub/config/WebMvcConfigurer.class]] with [Root bean: class [null]; scope=; abstract=false; lazyInit=false; autowireMode=3; dependencyCheck=0; autowireCandidate=true; primary=false; factoryBeanName=org.springframework.boot.autoconfigure.web.HttpEncodingAutoConfiguration; factoryMethodName=characterEncodingFilter; initMethodName=null; destroyMethodName=(inferred); defined in class path resource [org/springframework/boot/autoconfigure/web/HttpEncodingAutoConfiguration.class]]
2019-05-08 15:35:32,190:INFO main (GenericScope.java:287) - BeanFactory id=cbe0420d-3536-3c19-8785-9b864629605e
2019-05-08 15:35:32,257:INFO main (AutowiredAnnotationBeanPostProcessor.java:155) - JSR-330 'javax.inject.Inject' annotation found and supported for autowiring
2019-05-08 15:35:32,323:INFO main (PostProcessorRegistrationDelegate.java:327) - Bean 'webMvcConfigurer' of type [com.vpclub.config.WebMvcConfigurer$$EnhancerBySpringCGLIB$$80dd6907] is not eligible for getting processed by all BeanPostProcessors (for example: not eligible for auto-proxying)
2019-05-08 15:35:32,356:INFO main (PostProcessorRegistrationDelegate.java:327) - Bean 'validator' of type [org.hibernate.validator.internal.engine.ValidatorImpl] is not eligible for getting processed by all BeanPostProcessors (for example: not eligible for auto-proxying)
2019-05-08 15:35:32,889:INFO main (PostProcessorRegistrationDelegate.java:327) - Bean 'org.springframework.cache.annotation.ProxyCachingConfiguration' of type [org.springframework.cache.annotation.ProxyCachingConfiguration$$EnhancerBySpringCGLIB$$e125f273] is not eligible for getting processed by all BeanPostProcessors (for example: not eligible for auto-proxying)
2019-05-08 15:35:33,247:INFO main (PostProcessorRegistrationDelegate.java:327) - Bean 'org.springframework.boot.autoconfigure.cache.CacheAutoConfiguration' of type [org.springframework.boot.autoconfigure.cache.CacheAutoConfiguration$$EnhancerBySpringCGLIB$$d599b717] is not eligible for getting processed by all BeanPostProcessors (for example: not eligible for auto-proxying)
2019-05-08 15:35:33,305:INFO main (PostProcessorRegistrationDelegate.java:327) - Bean 'spring.cache-org.springframework.boot.autoconfigure.cache.CacheProperties' of type [org.springframework.boot.autoconfigure.cache.CacheProperties] is not eligible for getting processed by all BeanPostProcessors (for example: not eligible for auto-proxying)
2019-05-08 15:35:33,334:INFO main (PostProcessorRegistrationDelegate.java:327) - Bean 'cacheManagerCustomizers' of type [org.springframework.boot.autoconfigure.cache.CacheManagerCustomizers] is not eligible for getting processed by all BeanPostProcessors (for example: not eligible for auto-proxying)
2019-05-08 15:35:33,352:INFO main (PostProcessorRegistrationDelegate.java:327) - Bean 'org.springframework.boot.autoconfigure.cache.GuavaCacheConfiguration' of type [org.springframework.boot.autoconfigure.cache.GuavaCacheConfiguration$$EnhancerBySpringCGLIB$$2d36efb4] is not eligible for getting processed by all BeanPostProcessors (for example: not eligible for auto-proxying)
2019-05-08 15:35:33,621:INFO main (PostProcessorRegistrationDelegate.java:327) - Bean 'cacheManager' of type [org.springframework.cache.guava.GuavaCacheManager] is not eligible for getting processed by all BeanPostProcessors (for example: not eligible for auto-proxying)
2019-05-08 15:35:33,622:INFO main (PostProcessorRegistrationDelegate.java:327) - Bean 'cacheAutoConfigurationValidator' of type [org.springframework.boot.autoconfigure.cache.CacheAutoConfiguration$CacheManagerValidator] is not eligible for getting processed by all BeanPostProcessors (for example: not eligible for auto-proxying)
2019-05-08 15:35:33,710:INFO main (PostProcessorRegistrationDelegate.java:327) - Bean 'org.springframework.transaction.annotation.ProxyTransactionManagementConfiguration' of type [org.springframework.transaction.annotation.ProxyTransactionManagementConfiguration$$EnhancerBySpringCGLIB$$9813bc55] is not eligible for getting processed by all BeanPostProcessors (for example: not eligible for auto-proxying)
2019-05-08 15:35:33,819:INFO main (PostProcessorRegistrationDelegate.java:327) - Bean 'org.springframework.cloud.netflix.metrics.MetricsInterceptorConfiguration$MetricsRestTemplateConfiguration' of type [org.springframework.cloud.netflix.metrics.MetricsInterceptorConfiguration$MetricsRestTemplateConfiguration$$EnhancerBySpringCGLIB$$ca406296] is not eligible for getting processed by all BeanPostProcessors (for example: not eligible for auto-proxying)
2019-05-08 15:35:33,861:INFO main (PostProcessorRegistrationDelegate.java:327) - Bean 'org.springframework.cloud.autoconfigure.ConfigurationPropertiesRebinderAutoConfiguration' of type [org.springframework.cloud.autoconfigure.ConfigurationPropertiesRebinderAutoConfiguration$$EnhancerBySpringCGLIB$$b42dbf52] is not eligible for getting processed by all BeanPostProcessors (for example: not eligible for auto-proxying)
2019-05-08 15:35:35,105:INFO main (TomcatEmbeddedServletContainer.java:89) - Tomcat initialized with port(s): 9000 (http)
2019-05-08 15:35:35,133:INFO main (DirectJDKLog.java:179) - Starting service [Tomcat]
2019-05-08 15:35:35,137:INFO main (DirectJDKLog.java:179) - Starting Servlet Engine: Apache Tomcat/8.5.23
2019-05-08 15:35:35,625:INFO localhost-startStop-1 (DirectJDKLog.java:179) - Initializing Spring embedded WebApplicationContext
2019-05-08 15:35:35,626:INFO localhost-startStop-1 (EmbeddedWebApplicationContext.java:276) - Root WebApplicationContext: initialization completed in 8061 ms
2019-05-08 15:35:36,728:INFO localhost-startStop-1 (ServletRegistrationBean.java:190) - Mapping servlet: 'dispatcherServlet' to [/]
2019-05-08 15:35:36,731:INFO localhost-startStop-1 (ServletRegistrationBean.java:190) - Mapping servlet: 'statViewServlet' to [/druid/*]
2019-05-08 15:35:36,742:INFO localhost-startStop-1 (AbstractFilterRegistrationBean.java:258) - Mapping filter: 'characterEncodingFilter' to: [/*]
2019-05-08 15:35:36,743:INFO localhost-startStop-1 (AbstractFilterRegistrationBean.java:258) - Mapping filter: 'metricsFilter' to: [/*]
2019-05-08 15:35:36,743:INFO localhost-startStop-1 (AbstractFilterRegistrationBean.java:258) - Mapping filter: 'hiddenHttpMethodFilter' to: [/*]
2019-05-08 15:35:36,743:INFO localhost-startStop-1 (AbstractFilterRegistrationBean.java:258) - Mapping filter: 'httpPutFormContentFilter' to: [/*]
2019-05-08 15:35:36,743:INFO localhost-startStop-1 (AbstractFilterRegistrationBean.java:258) - Mapping filter: 'requestContextFilter' to: [/*]
2019-05-08 15:35:36,743:INFO localhost-startStop-1 (AbstractFilterRegistrationBean.java:258) - Mapping filter: 'webRequestLoggingFilter' to: [/*]
2019-05-08 15:35:36,744:INFO localhost-startStop-1 (AbstractFilterRegistrationBean.java:271) - Mapping filter: 'webStatFilter' to urls: [/*]
2019-05-08 15:35:36,744:INFO localhost-startStop-1 (AbstractFilterRegistrationBean.java:258) - Mapping filter: 'corsFilter' to: [/*]
2019-05-08 15:35:36,744:INFO localhost-startStop-1 (AbstractFilterRegistrationBean.java:258) - Mapping filter: 'applicationContextIdFilter' to: [/*]
2019-05-08 15:35:38,713:INFO main (CacheUtil.java:26) - CacheUtil is init
2019-05-08 15:35:43,121:INFO main (DruidDataSource.java:932) - {dataSource-1} inited
2019-05-08 15:35:44,953:INFO main (StdSchedulerFactory.java:1208) - Using default implementation for ThreadExecutor
2019-05-08 15:35:44,960:INFO main (SimpleThreadPool.java:268) - Job execution threads will use class loader of thread: main
2019-05-08 15:35:44,995:INFO main (SchedulerSignalerImpl.java:61) - Initialized Scheduler Signaller of type: class org.quartz.core.SchedulerSignalerImpl
2019-05-08 15:35:44,995:INFO main (QuartzScheduler.java:229) - Quartz Scheduler v.2.3.0 created.
2019-05-08 15:35:44,997:INFO main (RAMJobStore.java:155) - RAMJobStore initialized.
2019-05-08 15:35:44,999:INFO main (QuartzScheduler.java:294) - Scheduler meta-data: Quartz Scheduler (v2.3.0) 'schedulerFactoryBean' with instanceId 'NON_CLUSTERED'
  Scheduler class: 'org.quartz.core.QuartzScheduler' - running locally.
  NOT STARTED.
  Currently in standby mode.
  Number of jobs executed: 0
  Using thread pool 'org.quartz.simpl.SimpleThreadPool' - with 10 threads.
  Using job-store 'org.quartz.simpl.RAMJobStore' - which does not support persistence. and is not clustered.

2019-05-08 15:35:45,000:INFO main (StdSchedulerFactory.java:1362) - Quartz scheduler 'schedulerFactoryBean' initialized from an externally provided properties instance.
2019-05-08 15:35:45,000:INFO main (StdSchedulerFactory.java:1366) - Quartz scheduler version: 2.3.0
2019-05-08 15:35:45,000:INFO main (QuartzScheduler.java:2287) - JobFactory set to: com.vpclub.config.QuartzConfig$AutowiringSpringBeanJobFactory@744199bb
2019-05-08 15:35:45,863:WARN main (URLConfigurationSource.java:121) - No URLs will be polled as dynamic configuration sources.
2019-05-08 15:35:45,865:INFO main (URLConfigurationSource.java:122) - To enable URLs as dynamic configuration sources, define System property archaius.configurationSource.additionalUrls or make config.properties available on classpath.
2019-05-08 15:35:45,878:WARN main (URLConfigurationSource.java:121) - No URLs will be polled as dynamic configuration sources.
2019-05-08 15:35:45,878:INFO main (URLConfigurationSource.java:122) - To enable URLs as dynamic configuration sources, define System property archaius.configurationSource.additionalUrls or make config.properties available on classpath.
2019-05-08 15:35:46,926:INFO main (RequestMappingHandlerAdapter.java:534) - Looking for @ControllerAdvice: org.springframework.boot.context.embedded.AnnotationConfigEmbeddedWebApplicationContext@5f038248: startup date [Wed May 08 15:35:27 CST 2019]; parent: org.springframework.context.annotation.AnnotationConfigApplicationContext@33d05366
2019-05-08 15:35:47,220:INFO main (AbstractHandlerMethodMapping.java:543) - Mapped "{[/test],methods=[GET]}" onto public void com.vpclub.controller.TestController.test()
2019-05-08 15:35:47,225:INFO main (AbstractHandlerMethodMapping.java:543) - Mapped "{[/shiroClient/queryByToken]}" onto public com.vpclub.admin.entity.SysUserTokenEntity com.vpclub.admin.client.ShiroClientImpl.queryByToken(java.lang.String)
2019-05-08 15:35:47,226:INFO main (AbstractHandlerMethodMapping.java:543) - Mapped "{[/shiroClient/getUserPermissions]}" onto public java.util.Set<java.lang.String> com.vpclub.admin.client.ShiroClientImpl.getUserPermissions(long)
2019-05-08 15:35:47,247:INFO main (AbstractHandlerMethodMapping.java:543) - Mapped "{[/sysMenuClient/delete],methods=[POST],consumes=[application/json]}" onto public void com.vpclub.admin.client.SysMenuClientImpl.delete(java.lang.Long)
2019-05-08 15:35:47,248:INFO main (AbstractHandlerMethodMapping.java:543) - Mapped "{[/sysMenuClient/insert],methods=[POST],consumes=[application/json]}" onto public cc.vpclub.result.Result com.vpclub.admin.client.SysMenuClientImpl.insert(com.vpclub.admin.entity.SysMenuEntity)
2019-05-08 15:35:47,248:INFO main (AbstractHandlerMethodMapping.java:543) - Mapped "{[/sysMenuClient/getUserMenuList]}" onto public java.util.List<com.vpclub.admin.entity.SysMenuEntity> com.vpclub.admin.client.SysMenuClientImpl.getUserMenuList(java.lang.Long)
2019-05-08 15:35:47,249:INFO main (AbstractHandlerMethodMapping.java:543) - Mapped "{[/sysMenuClient/updateById],methods=[POST],consumes=[application/json]}" onto public cc.vpclub.result.Result com.vpclub.admin.client.SysMenuClientImpl.updateById(com.vpclub.admin.entity.SysMenuEntity)
2019-05-08 15:35:47,249:INFO main (AbstractHandlerMethodMapping.java:543) - Mapped "{[/sysMenuClient/getRoleMenuList]}" onto public java.util.List<com.vpclub.admin.entity.SysMenuEntity> com.vpclub.admin.client.SysMenuClientImpl.getRoleMenuList(java.lang.Long)
2019-05-08 15:35:47,250:INFO main (AbstractHandlerMethodMapping.java:543) - Mapped "{[/sysMenuClient/selectList],methods=[POST],consumes=[application/json]}" onto public java.util.List<com.vpclub.admin.entity.SysMenuEntity> com.vpclub.admin.client.SysMenuClientImpl.selectList(com.vpclub.admin.entity.SysMenuEntity)
2019-05-08 15:35:47,251:INFO main (AbstractHandlerMethodMapping.java:543) - Mapped "{[/sysMenuClient/selectById],methods=[POST],consumes=[application/json]}" onto public com.vpclub.admin.entity.SysMenuEntity com.vpclub.admin.client.SysMenuClientImpl.selectById(java.lang.Long)
2019-05-08 15:35:47,252:INFO main (AbstractHandlerMethodMapping.java:543) - Mapped "{[/sysMenuClient/queryListParentId],methods=[POST],consumes=[application/json]}" onto public java.util.List<com.vpclub.admin.entity.SysMenuEntity> com.vpclub.admin.client.SysMenuClientImpl.queryListParentId(java.lang.Long)
2019-05-08 15:35:47,253:INFO main (AbstractHandlerMethodMapping.java:543) - Mapped "{[/sysMenuClient/queryNotButtonList],methods=[POST],consumes=[application/json]}" onto public java.util.List<com.vpclub.admin.entity.SysMenuEntity> com.vpclub.admin.client.SysMenuClientImpl.queryNotButtonList()
2019-05-08 15:35:47,270:INFO main (AbstractHandlerMethodMapping.java:543) - Mapped "{[/sysUserClient/register],methods=[POST],consumes=[application/json]}" onto public void com.vpclub.admin.client.SysUserClientImpl.register(com.vpclub.admin.entity.SysUserEntity)
2019-05-08 15:35:47,272:INFO main (AbstractHandlerMethodMapping.java:543) - Mapped "{[/sysUserClient/update],methods=[POST],consumes=[application/json]}" onto public void com.vpclub.admin.client.SysUserClientImpl.update(com.vpclub.admin.entity.SysUserEntity)
2019-05-08 15:35:47,273:INFO main (AbstractHandlerMethodMapping.java:543) - Mapped "{[/sysUserClient/save],methods=[POST],consumes=[application/json]}" onto public cc.vpclub.result.Result com.vpclub.admin.client.SysUserClientImpl.save(com.vpclub.admin.entity.SysUserEntity)
2019-05-08 15:35:47,273:INFO main (AbstractHandlerMethodMapping.java:543) - Mapped "{[/sysUserClient/queryByParentId]}" onto public java.util.List<com.vpclub.admin.entity.SysUserEntity> com.vpclub.admin.client.SysUserClientImpl.queryByParentId(java.lang.String)
2019-05-08 15:35:47,274:INFO main (AbstractHandlerMethodMapping.java:543) - Mapped "{[/sysUserClient/queryAllPerms],methods=[GET]}" onto public java.util.List<java.lang.String> com.vpclub.admin.client.SysUserClientImpl.queryAllPerms(java.lang.Long)
2019-05-08 15:35:47,275:INFO main (AbstractHandlerMethodMapping.java:543) - Mapped "{[/sysUserClient/queryAllMenuId]}" onto public java.util.List<java.lang.Long> com.vpclub.admin.client.SysUserClientImpl.queryAllMenuId(java.lang.Long)
2019-05-08 15:35:47,279:INFO main (AbstractHandlerMethodMapping.java:543) - Mapped "{[/sysUserClient/deleteBatch],methods=[GET]}" onto public void com.vpclub.admin.client.SysUserClientImpl.deleteBatch(java.lang.Long[])
2019-05-08 15:35:47,285:INFO main (AbstractHandlerMethodMapping.java:543) - Mapped "{[/sysUserClient/queryByUserName],methods=[GET]}" onto public com.vpclub.admin.entity.SysUserEntity com.vpclub.admin.client.SysUserClientImpl.queryByUserName(java.lang.String)
2019-05-08 15:35:47,285:INFO main (AbstractHandlerMethodMapping.java:543) - Mapped "{[/sysUserClient/deleteByUserId],methods=[POST],consumes=[application/json]}" onto public void com.vpclub.admin.client.SysUserClientImpl.deleteByUserId(com.vpclub.admin.model.request.SysUserParam)
2019-05-08 15:35:47,286:INFO main (AbstractHandlerMethodMapping.java:543) - Mapped "{[/sysUserClient/queryPage],methods=[POST],consumes=[application/json]}" onto public cc.vpclub.result.Result com.vpclub.admin.client.SysUserClientImpl.queryPage(com.vpclub.admin.model.request.SysUserParam)
2019-05-08 15:35:47,287:INFO main (AbstractHandlerMethodMapping.java:543) - Mapped "{[/sysUserClient/updatePassword],methods=[POST]}" onto public boolean com.vpclub.admin.client.SysUserClientImpl.updatePassword(java.lang.Long,java.lang.String,java.lang.String)
2019-05-08 15:35:47,287:INFO main (AbstractHandlerMethodMapping.java:543) - Mapped "{[/sysUserClient/selectById]}" onto public com.vpclub.admin.entity.SysUserEntity com.vpclub.admin.client.SysUserClientImpl.selectById(java.lang.Long)
2019-05-08 15:35:47,288:INFO main (AbstractHandlerMethodMapping.java:543) - Mapped "{[/sysUserClient/queryByPhone],methods=[POST],consumes=[application/json]}" onto public com.vpclub.admin.entity.SysUserEntity com.vpclub.admin.client.SysUserClientImpl.queryByPhone(com.vpclub.admin.entity.SysUserEntity)
2019-05-08 15:35:47,288:INFO main (AbstractHandlerMethodMapping.java:543) - Mapped "{[/sysUserClient/page],methods=[POST],consumes=[application/json]}" onto public cc.vpclub.result.Result com.vpclub.admin.client.SysUserClientImpl.page(com.vpclub.admin.model.request.SysUserParam)
2019-05-08 15:35:47,290:INFO main (AbstractHandlerMethodMapping.java:543) - Mapped "{[/sysUserTokenClient/createToken]}" onto public cc.vpclub.result.Result com.vpclub.admin.client.SysUserTokenClientImpl.createToken(long)
2019-05-08 15:35:47,290:INFO main (AbstractHandlerMethodMapping.java:543) - Mapped "{[/sysUserTokenClient/logout]}" onto public cc.vpclub.result.Result com.vpclub.admin.client.SysUserTokenClientImpl.logout(long)
2019-05-08 15:35:47,294:INFO main (AbstractHandlerMethodMapping.java:543) - Mapped "{[/error]}" onto public org.springframework.http.ResponseEntity<java.util.Map<java.lang.String, java.lang.Object>> org.springframework.boot.autoconfigure.web.BasicErrorController.error(javax.servlet.http.HttpServletRequest)
2019-05-08 15:35:47,294:INFO main (AbstractHandlerMethodMapping.java:543) - Mapped "{[/error],produces=[text/html]}" onto public org.springframework.web.servlet.ModelAndView org.springframework.boot.autoconfigure.web.BasicErrorController.errorHtml(javax.servlet.http.HttpServletRequest,javax.servlet.http.HttpServletResponse)
2019-05-08 15:35:47,468:INFO main (AbstractUrlHandlerMapping.java:362) - Mapped URL path [/webjars/**] onto handler of type [class org.springframework.web.servlet.resource.ResourceHttpRequestHandler]
2019-05-08 15:35:47,468:INFO main (AbstractUrlHandlerMapping.java:362) - Mapped URL path [/**] onto handler of type [class org.springframework.web.servlet.resource.ResourceHttpRequestHandler]
2019-05-08 15:35:47,592:INFO main (ExceptionHandlerExceptionResolver.java:273) - Detected @ExceptionHandler methods in globalExceptionResolver
2019-05-08 15:35:47,691:INFO main (AbstractUrlHandlerMapping.java:362) - Mapped URL path [/**/favicon.ico] onto handler of type [class org.springframework.web.servlet.resource.ResourceHttpRequestHandler]
2019-05-08 15:35:52,500:INFO main (AbstractHandlerMethodMapping.java:543) - Mapped "{[/dump || /dump.json],methods=[GET],produces=[application/vnd.spring-boot.actuator.v1+json || application/json]}" onto public java.lang.Object org.springframework.boot.actuate.endpoint.mvc.EndpointMvcAdapter.invoke()
2019-05-08 15:35:52,503:INFO main (AbstractHandlerMethodMapping.java:543) - Mapped "{[/autoconfig || /autoconfig.json],methods=[GET],produces=[application/vnd.spring-boot.actuator.v1+json || application/json]}" onto public java.lang.Object org.springframework.boot.actuate.endpoint.mvc.EndpointMvcAdapter.invoke()
2019-05-08 15:35:52,565:INFO main (AbstractHandlerMethodMapping.java:543) - Mapped "{[/loggers/{name:.*}],methods=[GET],produces=[application/vnd.spring-boot.actuator.v1+json || application/json]}" onto public java.lang.Object org.springframework.boot.actuate.endpoint.mvc.LoggersMvcEndpoint.get(java.lang.String)
2019-05-08 15:35:52,565:INFO main (AbstractHandlerMethodMapping.java:543) - Mapped "{[/loggers/{name:.*}],methods=[POST],consumes=[application/vnd.spring-boot.actuator.v1+json || application/json],produces=[application/vnd.spring-boot.actuator.v1+json || application/json]}" onto public java.lang.Object org.springframework.boot.actuate.endpoint.mvc.LoggersMvcEndpoint.set(java.lang.String,java.util.Map<java.lang.String, java.lang.String>)
2019-05-08 15:35:52,566:INFO main (AbstractHandlerMethodMapping.java:543) - Mapped "{[/loggers || /loggers.json],methods=[GET],produces=[application/vnd.spring-boot.actuator.v1+json || application/json]}" onto public java.lang.Object org.springframework.boot.actuate.endpoint.mvc.EndpointMvcAdapter.invoke()
2019-05-08 15:35:52,567:INFO main (AbstractHandlerMethodMapping.java:543) - Mapped "{[/refresh || /refresh.json],methods=[POST]}" onto public java.lang.Object org.springframework.cloud.endpoint.GenericPostableMvcEndpoint.invoke()
2019-05-08 15:35:52,567:INFO main (AbstractHandlerMethodMapping.java:543) - Mapped "{[/trace || /trace.json],methods=[GET],produces=[application/vnd.spring-boot.actuator.v1+json || application/json]}" onto public java.lang.Object org.springframework.boot.actuate.endpoint.mvc.EndpointMvcAdapter.invoke()
2019-05-08 15:35:52,569:INFO main (AbstractHandlerMethodMapping.java:543) - Mapped "{[/service-registry/instance-status],methods=[GET]}" onto public org.springframework.http.ResponseEntity org.springframework.cloud.client.serviceregistry.endpoint.ServiceRegistryEndpoint.getStatus()
2019-05-08 15:35:52,569:INFO main (AbstractHandlerMethodMapping.java:543) - Mapped "{[/service-registry/instance-status],methods=[POST]}" onto public org.springframework.http.ResponseEntity<?> org.springframework.cloud.client.serviceregistry.endpoint.ServiceRegistryEndpoint.setStatus(java.lang.String)
2019-05-08 15:35:52,570:INFO main (AbstractHandlerMethodMapping.java:543) - Mapped "{[/features || /features.json],methods=[GET],produces=[application/vnd.spring-boot.actuator.v1+json || application/json]}" onto public java.lang.Object org.springframework.boot.actuate.endpoint.mvc.EndpointMvcAdapter.invoke()
2019-05-08 15:35:52,571:INFO main (AbstractHandlerMethodMapping.java:543) - Mapped "{[/health || /health.json],methods=[GET],produces=[application/vnd.spring-boot.actuator.v1+json || application/json]}" onto public java.lang.Object org.springframework.boot.actuate.endpoint.mvc.HealthMvcEndpoint.invoke(javax.servlet.http.HttpServletRequest,java.security.Principal)
2019-05-08 15:35:52,572:INFO main (AbstractHandlerMethodMapping.java:543) - Mapped "{[/configprops || /configprops.json],methods=[GET],produces=[application/vnd.spring-boot.actuator.v1+json || application/json]}" onto public java.lang.Object org.springframework.boot.actuate.endpoint.mvc.EndpointMvcAdapter.invoke()
2019-05-08 15:35:52,574:INFO main (AbstractHandlerMethodMapping.java:543) - Mapped "{[/env/{name:.*}],methods=[GET],produces=[application/vnd.spring-boot.actuator.v1+json || application/json]}" onto public java.lang.Object org.springframework.boot.actuate.endpoint.mvc.EnvironmentMvcEndpoint.value(java.lang.String)
2019-05-08 15:35:52,575:INFO main (AbstractHandlerMethodMapping.java:543) - Mapped "{[/env || /env.json],methods=[GET],produces=[application/vnd.spring-boot.actuator.v1+json || application/json]}" onto public java.lang.Object org.springframework.boot.actuate.endpoint.mvc.EndpointMvcAdapter.invoke()
2019-05-08 15:35:52,576:INFO main (AbstractHandlerMethodMapping.java:543) - Mapped "{[/auditevents || /auditevents.json],methods=[GET],produces=[application/vnd.spring-boot.actuator.v1+json || application/json]}" onto public org.springframework.http.ResponseEntity<?> org.springframework.boot.actuate.endpoint.mvc.AuditEventsMvcEndpoint.findByPrincipalAndAfterAndType(java.lang.String,java.util.Date,java.lang.String)
2019-05-08 15:35:52,577:INFO main (AbstractHandlerMethodMapping.java:543) - Mapped "{[/env],methods=[POST]}" onto public java.lang.Object org.springframework.cloud.context.environment.EnvironmentManagerMvcEndpoint.value(java.util.Map<java.lang.String, java.lang.String>)
2019-05-08 15:35:52,579:INFO main (AbstractHandlerMethodMapping.java:543) - Mapped "{[/env/reset],methods=[POST]}" onto public java.util.Map<java.lang.String, java.lang.Object> org.springframework.cloud.context.environment.EnvironmentManagerMvcEndpoint.reset()
2019-05-08 15:35:52,580:INFO main (AbstractHandlerMethodMapping.java:543) - Mapped "{[/archaius || /archaius.json],methods=[GET],produces=[application/vnd.spring-boot.actuator.v1+json || application/json]}" onto public java.lang.Object org.springframework.boot.actuate.endpoint.mvc.EndpointMvcAdapter.invoke()
2019-05-08 15:35:52,581:INFO main (AbstractHandlerMethodMapping.java:543) - Mapped "{[/mappings || /mappings.json],methods=[GET],produces=[application/vnd.spring-boot.actuator.v1+json || application/json]}" onto public java.lang.Object org.springframework.boot.actuate.endpoint.mvc.EndpointMvcAdapter.invoke()
2019-05-08 15:35:52,581:INFO main (AbstractHandlerMethodMapping.java:543) - Mapped "{[/info || /info.json],methods=[GET],produces=[application/vnd.spring-boot.actuator.v1+json || application/json]}" onto public java.lang.Object org.springframework.boot.actuate.endpoint.mvc.EndpointMvcAdapter.invoke()
2019-05-08 15:35:52,582:INFO main (AbstractHandlerMethodMapping.java:543) - Mapped "{[/beans || /beans.json],methods=[GET],produces=[application/vnd.spring-boot.actuator.v1+json || application/json]}" onto public java.lang.Object org.springframework.boot.actuate.endpoint.mvc.EndpointMvcAdapter.invoke()
2019-05-08 15:35:52,584:INFO main (AbstractHandlerMethodMapping.java:543) - Mapped "{[/heapdump || /heapdump.json],methods=[GET],produces=[application/octet-stream]}" onto public void org.springframework.boot.actuate.endpoint.mvc.HeapdumpMvcEndpoint.invoke(boolean,javax.servlet.http.HttpServletRequest,javax.servlet.http.HttpServletResponse) throws java.io.IOException,javax.servlet.ServletException
2019-05-08 15:35:52,585:INFO main (AbstractHandlerMethodMapping.java:543) - Mapped "{[/metrics/{name:.*}],methods=[GET],produces=[application/vnd.spring-boot.actuator.v1+json || application/json]}" onto public java.lang.Object org.springframework.boot.actuate.endpoint.mvc.MetricsMvcEndpoint.value(java.lang.String)
2019-05-08 15:35:52,585:INFO main (AbstractHandlerMethodMapping.java:543) - Mapped "{[/metrics || /metrics.json],methods=[GET],produces=[application/vnd.spring-boot.actuator.v1+json || application/json]}" onto public java.lang.Object org.springframework.boot.actuate.endpoint.mvc.EndpointMvcAdapter.invoke()
2019-05-08 15:35:54,441:INFO main (MBeanExporter.java:431) - Registering beans for JMX exposure on startup
2019-05-08 15:35:54,485:INFO main (MBeanExporter.java:916) - Bean with name 'statFilter' has been autodetected for JMX exposure
2019-05-08 15:35:54,485:INFO main (MBeanExporter.java:916) - Bean with name 'dataSource' has been autodetected for JMX exposure
2019-05-08 15:35:54,504:INFO main (MBeanExporter.java:916) - Bean with name 'environmentManager' has been autodetected for JMX exposure
2019-05-08 15:35:54,507:INFO main (MBeanExporter.java:916) - Bean with name 'configurationPropertiesRebinder' has been autodetected for JMX exposure
2019-05-08 15:35:54,508:INFO main (MBeanExporter.java:916) - Bean with name 'refreshEndpoint' has been autodetected for JMX exposure
2019-05-08 15:35:54,510:INFO main (MBeanExporter.java:916) - Bean with name 'serviceRegistryEndpoint' has been autodetected for JMX exposure
2019-05-08 15:35:54,511:INFO main (MBeanExporter.java:916) - Bean with name 'refreshScope' has been autodetected for JMX exposure
2019-05-08 15:35:54,517:INFO main (MBeanExporter.java:678) - Located managed bean 'environmentManager': registering with JMX server as MBean [org.springframework.cloud.context.environment:name=environmentManager,type=EnvironmentManager]
2019-05-08 15:35:54,576:INFO main (MBeanExporter.java:678) - Located managed bean 'serviceRegistryEndpoint': registering with JMX server as MBean [org.springframework.cloud.client.serviceregistry.endpoint:name=serviceRegistryEndpoint,type=ServiceRegistryEndpoint]
2019-05-08 15:35:54,590:INFO main (MBeanExporter.java:678) - Located managed bean 'refreshScope': registering with JMX server as MBean [org.springframework.cloud.context.scope.refresh:name=refreshScope,type=RefreshScope]
2019-05-08 15:35:54,642:INFO main (MBeanExporter.java:678) - Located managed bean 'configurationPropertiesRebinder': registering with JMX server as MBean [org.springframework.cloud.context.properties:name=configurationPropertiesRebinder,context=5f038248,type=ConfigurationPropertiesRebinder]
2019-05-08 15:35:54,669:INFO main (MBeanExporter.java:671) - Located MBean 'dataSource': registering with JMX server as MBean [com.alibaba.druid.spring.boot.autoconfigure:name=dataSource,type=DruidDataSourceWrapper]
2019-05-08 15:35:54,793:INFO main (MBeanExporter.java:678) - Located managed bean 'refreshEndpoint': registering with JMX server as MBean [org.springframework.cloud.endpoint:name=refreshEndpoint,type=RefreshEndpoint]
2019-05-08 15:35:54,807:INFO main (MBeanExporter.java:671) - Located MBean 'statFilter': registering with JMX server as MBean [com.alibaba.druid.filter.stat:name=statFilter,type=StatFilter]
2019-05-08 15:35:54,808:INFO main (MBeanExporter.java:431) - Registering beans for JMX exposure on startup
2019-05-08 15:35:57,178:INFO main (DefaultLifecycleProcessor.java:343) - Starting beans in phase 0
2019-05-08 15:35:57,200:INFO main (InstanceInfoFactory.java:71) - Setting initial instance status as: STARTING
2019-05-08 15:35:57,282:INFO main (DiscoveryClient.java:347) - Initializing Eureka in region us-east-1
2019-05-08 15:35:58,432:INFO main (DiscoveryJerseyProvider.java:70) - Using JSON encoding codec LegacyJacksonJson
2019-05-08 15:35:58,433:INFO main (DiscoveryJerseyProvider.java:71) - Using JSON decoding codec LegacyJacksonJson
2019-05-08 15:35:58,760:INFO main (DiscoveryJerseyProvider.java:80) - Using XML encoding codec XStreamXml
2019-05-08 15:35:58,760:INFO main (DiscoveryJerseyProvider.java:81) - Using XML decoding codec XStreamXml
2019-05-08 15:35:59,360:INFO main (ConfigClusterResolver.java:43) - Resolving eureka endpoints via configuration
2019-05-08 15:35:59,919:INFO main (DiscoveryClient.java:929) - Disable delta property : false
2019-05-08 15:35:59,919:INFO main (DiscoveryClient.java:930) - Single vip registry refresh property : null
2019-05-08 15:35:59,920:INFO main (DiscoveryClient.java:931) - Force full registry fetch : false
2019-05-08 15:35:59,920:INFO main (DiscoveryClient.java:932) - Application is null : false
2019-05-08 15:35:59,920:INFO main (DiscoveryClient.java:933) - Registered Applications size is zero : true
2019-05-08 15:35:59,921:INFO main (DiscoveryClient.java:935) - Application version is -1: true
2019-05-08 15:35:59,921:INFO main (DiscoveryClient.java:1018) - Getting all instance registry info from the eureka server
2019-05-08 15:36:00,524:INFO main (DiscoveryClient.java:1027) - The response status is 200
2019-05-08 15:36:00,526:INFO main (DiscoveryClient.java:1253) - Starting heartbeat executor: renew interval is: 5
2019-05-08 15:36:00,531:INFO main (InstanceInfoReplicator.java:59) - InstanceInfoReplicator onDemand update allowed rate per min is 4
2019-05-08 15:36:00,534:INFO main (DiscoveryClient.java:434) - Discovery Client initialized at timestamp 1557300960534 with initial instances count: 0
2019-05-08 15:36:00,547:INFO main (EurekaServiceRegistry.java:40) - Registering application service-provider with eureka with status UP
2019-05-08 15:36:00,550:INFO main (DiscoveryClient.java:1288) - Saw local status change event StatusChangeEvent [timestamp=1557300960550, current=UP, previous=STARTING]
2019-05-08 15:36:00,564:INFO main (MBeanExporter.java:678) - Located managed bean 'auditEventsEndpoint': registering with JMX server as MBean [org.springframework.boot:type=Endpoint,name=auditEventsEndpoint]
2019-05-08 15:36:00,577:INFO main (MBeanExporter.java:678) - Located managed bean 'archaiusEndpoint': registering with JMX server as MBean [org.springframework.boot:type=Endpoint,name=archaiusEndpoint]
2019-05-08 15:36:00,615:INFO main (MBeanExporter.java:678) - Located managed bean 'featuresEndpoint': registering with JMX server as MBean [org.springframework.boot:type=Endpoint,name=featuresEndpoint]
2019-05-08 15:36:00,618:INFO main (MBeanExporter.java:678) - Located managed bean 'requestMappingEndpoint': registering with JMX server as MBean [org.springframework.boot:type=Endpoint,name=requestMappingEndpoint]
2019-05-08 15:36:00,622:INFO main (MBeanExporter.java:678) - Located managed bean 'environmentEndpoint': registering with JMX server as MBean [org.springframework.boot:type=Endpoint,name=environmentEndpoint]
2019-05-08 15:36:00,632:INFO main (MBeanExporter.java:678) - Located managed bean 'healthEndpoint': registering with JMX server as MBean [org.springframework.boot:type=Endpoint,name=healthEndpoint]
2019-05-08 15:36:00,636:INFO main (MBeanExporter.java:678) - Located managed bean 'beansEndpoint': registering with JMX server as MBean [org.springframework.boot:type=Endpoint,name=beansEndpoint]
2019-05-08 15:36:00,639:INFO main (MBeanExporter.java:678) - Located managed bean 'infoEndpoint': registering with JMX server as MBean [org.springframework.boot:type=Endpoint,name=infoEndpoint]
2019-05-08 15:36:00,645:INFO main (MBeanExporter.java:678) - Located managed bean 'loggersEndpoint': registering with JMX server as MBean [org.springframework.boot:type=Endpoint,name=loggersEndpoint]
2019-05-08 15:36:00,659:INFO main (MBeanExporter.java:678) - Located managed bean 'metricsEndpoint': registering with JMX server as MBean [org.springframework.boot:type=Endpoint,name=metricsEndpoint]
2019-05-08 15:36:00,663:INFO main (MBeanExporter.java:678) - Located managed bean 'traceEndpoint': registering with JMX server as MBean [org.springframework.boot:type=Endpoint,name=traceEndpoint]
2019-05-08 15:36:00,666:INFO main (MBeanExporter.java:678) - Located managed bean 'dumpEndpoint': registering with JMX server as MBean [org.springframework.boot:type=Endpoint,name=dumpEndpoint]
2019-05-08 15:36:00,676:INFO main (MBeanExporter.java:678) - Located managed bean 'autoConfigurationReportEndpoint': registering with JMX server as MBean [org.springframework.boot:type=Endpoint,name=autoConfigurationReportEndpoint]
2019-05-08 15:36:00,680:INFO main (MBeanExporter.java:678) - Located managed bean 'configurationPropertiesReportEndpoint': registering with JMX server as MBean [org.springframework.boot:type=Endpoint,name=configurationPropertiesReportEndpoint]
2019-05-08 15:36:00,682:INFO main (DefaultLifecycleProcessor.java:343) - Starting beans in phase 2147483647
2019-05-08 15:36:00,683:INFO main (SchedulerFactoryBean.java:650) - Will start Quartz Scheduler [schedulerFactoryBean] in 5 seconds
2019-05-08 15:36:00,814:INFO DiscoveryClient-InstanceInfoReplicator-0 (DiscoveryClient.java:804) - DiscoveryClient_SERVICE-PROVIDER/10.0.1.149:9000: registering service...
2019-05-08 15:36:00,837:INFO main (DirectJDKLog.java:179) - Initializing ProtocolHandler ["http-nio-9000"]
2019-05-08 15:36:00,953:INFO main (DirectJDKLog.java:179) - Starting ProtocolHandler ["http-nio-9000"]
2019-05-08 15:36:01,021:INFO main (DirectJDKLog.java:179) - Using a shared selector for servlet write/read
2019-05-08 15:36:01,118:INFO main (TomcatEmbeddedServletContainer.java:201) - Tomcat started on port(s): 9000 (http)
2019-05-08 15:36:01,119:INFO main (EurekaAutoServiceRegistration.java:124) - Updating port to 9000
2019-05-08 15:36:01,126:INFO main (StartupInfoLogger.java:57) - Started ProviderApplication in 37.719 seconds (JVM running for 42.061)
2019-05-08 15:36:01,333:INFO DiscoveryClient-InstanceInfoReplicator-0 (DiscoveryClient.java:813) - DiscoveryClient_SERVICE-PROVIDER/10.0.1.149:9000 - registration status: 204
2019-05-08 15:36:05,713:INFO Quartz Scheduler [schedulerFactoryBean] (SchedulerFactoryBean.java:665) - Starting Quartz Scheduler now, after delay of 5 seconds
2019-05-08 15:36:05,714:INFO Quartz Scheduler [schedulerFactoryBean] (QuartzScheduler.java:547) - Scheduler schedulerFactoryBean_$_NON_CLUSTERED started.
2019-05-08 15:36:30,528:INFO DiscoveryClient-CacheRefreshExecutor-0 (DiscoveryClient.java:929) - Disable delta property : false
2019-05-08 15:36:30,529:INFO DiscoveryClient-CacheRefreshExecutor-0 (DiscoveryClient.java:930) - Single vip registry refresh property : null
2019-05-08 15:36:30,529:INFO DiscoveryClient-CacheRefreshExecutor-0 (DiscoveryClient.java:931) - Force full registry fetch : false
2019-05-08 15:36:30,529:INFO DiscoveryClient-CacheRefreshExecutor-0 (DiscoveryClient.java:932) - Application is null : false
2019-05-08 15:36:30,529:INFO DiscoveryClient-CacheRefreshExecutor-0 (DiscoveryClient.java:933) - Registered Applications size is zero : true
2019-05-08 15:36:30,529:INFO DiscoveryClient-CacheRefreshExecutor-0 (DiscoveryClient.java:935) - Application version is -1: false
2019-05-08 15:36:30,530:INFO DiscoveryClient-CacheRefreshExecutor-0 (DiscoveryClient.java:1018) - Getting all instance registry info from the eureka server
2019-05-08 15:36:30,581:INFO DiscoveryClient-CacheRefreshExecutor-0 (DiscoveryClient.java:1027) - The response status is 200
2019-05-08 15:40:59,930:INFO AsyncResolver-bootstrap-executor-0 (ConfigClusterResolver.java:43) - Resolving eureka endpoints via configuration
2019-05-08 15:45:59,935:INFO AsyncResolver-bootstrap-executor-0 (ConfigClusterResolver.java:43) - Resolving eureka endpoints via configuration
2019-05-08 15:50:59,937:INFO AsyncResolver-bootstrap-executor-0 (ConfigClusterResolver.java:43) - Resolving eureka endpoints via configuration
2019-05-08 15:56:00,006:INFO AsyncResolver-bootstrap-executor-0 (ConfigClusterResolver.java:43) - Resolving eureka endpoints via configuration
2019-05-08 15:57:35,205:INFO http-nio-9000-exec-10 (DirectJDKLog.java:179) - Initializing Spring FrameworkServlet 'dispatcherServlet'
2019-05-08 15:57:35,207:INFO http-nio-9000-exec-10 (FrameworkServlet.java:489) - FrameworkServlet 'dispatcherServlet': initialization started
2019-05-08 15:57:35,382:INFO http-nio-9000-exec-10 (FrameworkServlet.java:508) - FrameworkServlet 'dispatcherServlet': initialization completed in 175 ms
2019-05-08 16:01:00,007:INFO AsyncResolver-bootstrap-executor-0 (ConfigClusterResolver.java:43) - Resolving eureka endpoints via configuration
2019-05-08 16:06:00,010:INFO AsyncResolver-bootstrap-executor-0 (ConfigClusterResolver.java:43) - Resolving eureka endpoints via configuration
2019-05-08 16:11:00,022:INFO AsyncResolver-bootstrap-executor-0 (ConfigClusterResolver.java:43) - Resolving eureka endpoints via configuration
2019-05-08 18:52:25,985:INFO main (AbstractApplicationContext.java:583) - Refreshing org.springframework.context.annotation.AnnotationConfigApplicationContext@214894fc: startup date [Wed May 08 18:52:25 CST 2019]; root of context hierarchy
2019-05-08 18:52:26,301:INFO background-preinit (Version.java:30) - HV000001: Hibernate Validator 5.3.6.Final
2019-05-08 18:52:26,762:INFO main (AutowiredAnnotationBeanPostProcessor.java:155) - JSR-330 'javax.inject.Inject' annotation found and supported for autowiring
2019-05-08 18:52:26,942:INFO main (PostProcessorRegistrationDelegate.java:327) - Bean 'configurationPropertiesRebinderAutoConfiguration' of type [org.springframework.cloud.autoconfigure.ConfigurationPropertiesRebinderAutoConfiguration$$EnhancerBySpringCGLIB$$d37e6a19] is not eligible for getting processed by all BeanPostProcessors (for example: not eligible for auto-proxying)
2019-05-08 18:52:28,864:INFO main (SpringApplication.java:597) - The following profiles are active: local
2019-05-08 18:52:28,900:INFO main (AbstractApplicationContext.java:583) - Refreshing org.springframework.boot.context.embedded.AnnotationConfigEmbeddedWebApplicationContext@26350ea2: startup date [Wed May 08 18:52:28 CST 2019]; parent: org.springframework.context.annotation.AnnotationConfigApplicationContext@214894fc
2019-05-08 18:52:31,601:INFO main (DefaultListableBeanFactory.java:828) - Overriding bean definition for bean 'redisTemplate' with a different definition: replacing [Root bean: class [null]; scope=; abstract=false; lazyInit=false; autowireMode=3; dependencyCheck=0; autowireCandidate=true; primary=false; factoryBeanName=redisConfig; factoryMethodName=redisTemplate; initMethodName=null; destroyMethodName=(inferred); defined in class path resource [com/vpclub/config/RedisConfig.class]] with [Root bean: class [null]; scope=; abstract=false; lazyInit=false; autowireMode=3; dependencyCheck=0; autowireCandidate=true; primary=false; factoryBeanName=redisAutoConfiguration; factoryMethodName=redisTemplate; initMethodName=null; destroyMethodName=(inferred); defined in class path resource [com/vpclub/redis/RedisAutoConfiguration.class]]
2019-05-08 18:52:31,602:INFO main (DefaultListableBeanFactory.java:828) - Overriding bean definition for bean 'redisUtils' with a different definition: replacing [Generic bean: class [com.vpclub.util.RedisUtils]; scope=singleton; abstract=false; lazyInit=false; autowireMode=0; dependencyCheck=0; autowireCandidate=true; primary=false; factoryBeanName=null; factoryMethodName=null; initMethodName=null; destroyMethodName=null; defined in file [D:\Git\project\new\vpjoinin\common\common-util\target\classes\com\vpclub\util\RedisUtils.class]] with [Root bean: class [null]; scope=; abstract=false; lazyInit=false; autowireMode=3; dependencyCheck=0; autowireCandidate=true; primary=false; factoryBeanName=redisAutoConfiguration; factoryMethodName=redisUtils; initMethodName=null; destroyMethodName=(inferred); defined in class path resource [com/vpclub/redis/RedisAutoConfiguration.class]]
2019-05-08 18:52:31,603:INFO main (DefaultListableBeanFactory.java:828) - Overriding bean definition for bean 'hashOperations' with a different definition: replacing [Root bean: class [null]; scope=; abstract=false; lazyInit=false; autowireMode=3; dependencyCheck=0; autowireCandidate=true; primary=false; factoryBeanName=redisConfig; factoryMethodName=hashOperations; initMethodName=null; destroyMethodName=(inferred); defined in class path resource [com/vpclub/config/RedisConfig.class]] with [Root bean: class [null]; scope=; abstract=false; lazyInit=false; autowireMode=3; dependencyCheck=0; autowireCandidate=true; primary=false; factoryBeanName=redisAutoConfiguration; factoryMethodName=hashOperations; initMethodName=null; destroyMethodName=(inferred); defined in class path resource [com/vpclub/redis/RedisAutoConfiguration.class]]
2019-05-08 18:52:31,603:INFO main (DefaultListableBeanFactory.java:828) - Overriding bean definition for bean 'valueOperations' with a different definition: replacing [Root bean: class [null]; scope=; abstract=false; lazyInit=false; autowireMode=3; dependencyCheck=0; autowireCandidate=true; primary=false; factoryBeanName=redisConfig; factoryMethodName=valueOperations; initMethodName=null; destroyMethodName=(inferred); defined in class path resource [com/vpclub/config/RedisConfig.class]] with [Root bean: class [null]; scope=; abstract=false; lazyInit=false; autowireMode=3; dependencyCheck=0; autowireCandidate=true; primary=false; factoryBeanName=redisAutoConfiguration; factoryMethodName=valueOperations; initMethodName=null; destroyMethodName=(inferred); defined in class path resource [com/vpclub/redis/RedisAutoConfiguration.class]]
2019-05-08 18:52:31,604:INFO main (DefaultListableBeanFactory.java:828) - Overriding bean definition for bean 'listOperations' with a different definition: replacing [Root bean: class [null]; scope=; abstract=false; lazyInit=false; autowireMode=3; dependencyCheck=0; autowireCandidate=true; primary=false; factoryBeanName=redisConfig; factoryMethodName=listOperations; initMethodName=null; destroyMethodName=(inferred); defined in class path resource [com/vpclub/config/RedisConfig.class]] with [Root bean: class [null]; scope=; abstract=false; lazyInit=false; autowireMode=3; dependencyCheck=0; autowireCandidate=true; primary=false; factoryBeanName=redisAutoConfiguration; factoryMethodName=listOperations; initMethodName=null; destroyMethodName=(inferred); defined in class path resource [com/vpclub/redis/RedisAutoConfiguration.class]]
2019-05-08 18:52:31,604:INFO main (DefaultListableBeanFactory.java:828) - Overriding bean definition for bean 'setOperations' with a different definition: replacing [Root bean: class [null]; scope=; abstract=false; lazyInit=false; autowireMode=3; dependencyCheck=0; autowireCandidate=true; primary=false; factoryBeanName=redisConfig; factoryMethodName=setOperations; initMethodName=null; destroyMethodName=(inferred); defined in class path resource [com/vpclub/config/RedisConfig.class]] with [Root bean: class [null]; scope=; abstract=false; lazyInit=false; autowireMode=3; dependencyCheck=0; autowireCandidate=true; primary=false; factoryBeanName=redisAutoConfiguration; factoryMethodName=setOperations; initMethodName=null; destroyMethodName=(inferred); defined in class path resource [com/vpclub/redis/RedisAutoConfiguration.class]]
2019-05-08 18:52:31,605:INFO main (DefaultListableBeanFactory.java:828) - Overriding bean definition for bean 'zSetOperations' with a different definition: replacing [Root bean: class [null]; scope=; abstract=false; lazyInit=false; autowireMode=3; dependencyCheck=0; autowireCandidate=true; primary=false; factoryBeanName=redisConfig; factoryMethodName=zSetOperations; initMethodName=null; destroyMethodName=(inferred); defined in class path resource [com/vpclub/config/RedisConfig.class]] with [Root bean: class [null]; scope=; abstract=false; lazyInit=false; autowireMode=3; dependencyCheck=0; autowireCandidate=true; primary=false; factoryBeanName=redisAutoConfiguration; factoryMethodName=zSetOperations; initMethodName=null; destroyMethodName=(inferred); defined in class path resource [com/vpclub/redis/RedisAutoConfiguration.class]]
2019-05-08 18:52:32,371:INFO main (RepositoryConfigurationDelegate.java:165) - Multiple Spring Data modules found, entering strict repository configuration mode!
2019-05-08 18:52:32,990:INFO main (DefaultListableBeanFactory.java:828) - Overriding bean definition for bean 'characterEncodingFilter' with a different definition: replacing [Root bean: class [null]; scope=; abstract=false; lazyInit=false; autowireMode=3; dependencyCheck=0; autowireCandidate=true; primary=false; factoryBeanName=webMvcConfigurer; factoryMethodName=characterEncodingFilter; initMethodName=null; destroyMethodName=(inferred); defined in class path resource [com/vpclub/config/WebMvcConfigurer.class]] with [Root bean: class [null]; scope=; abstract=false; lazyInit=false; autowireMode=3; dependencyCheck=0; autowireCandidate=true; primary=false; factoryBeanName=org.springframework.boot.autoconfigure.web.HttpEncodingAutoConfiguration; factoryMethodName=characterEncodingFilter; initMethodName=null; destroyMethodName=(inferred); defined in class path resource [org/springframework/boot/autoconfigure/web/HttpEncodingAutoConfiguration.class]]
2019-05-08 18:52:33,952:INFO main (GenericScope.java:287) - BeanFactory id=78f6414e-7b7f-3ad9-bb68-cdbf4073d9fe
2019-05-08 18:52:33,998:INFO main (AutowiredAnnotationBeanPostProcessor.java:155) - JSR-330 'javax.inject.Inject' annotation found and supported for autowiring
2019-05-08 18:52:34,081:INFO main (PostProcessorRegistrationDelegate.java:327) - Bean 'webMvcConfigurer' of type [com.vpclub.config.WebMvcConfigurer$$EnhancerBySpringCGLIB$$a02e13ce] is not eligible for getting processed by all BeanPostProcessors (for example: not eligible for auto-proxying)
2019-05-08 18:52:34,129:INFO main (PostProcessorRegistrationDelegate.java:327) - Bean 'validator' of type [org.hibernate.validator.internal.engine.ValidatorImpl] is not eligible for getting processed by all BeanPostProcessors (for example: not eligible for auto-proxying)
2019-05-08 18:52:34,761:INFO main (PostProcessorRegistrationDelegate.java:327) - Bean 'org.springframework.cache.annotation.ProxyCachingConfiguration' of type [org.springframework.cache.annotation.ProxyCachingConfiguration$$EnhancerBySpringCGLIB$$769d3a] is not eligible for getting processed by all BeanPostProcessors (for example: not eligible for auto-proxying)
2019-05-08 18:52:35,173:INFO main (PostProcessorRegistrationDelegate.java:327) - Bean 'org.springframework.boot.autoconfigure.cache.CacheAutoConfiguration' of type [org.springframework.boot.autoconfigure.cache.CacheAutoConfiguration$$EnhancerBySpringCGLIB$$f4ea61de] is not eligible for getting processed by all BeanPostProcessors (for example: not eligible for auto-proxying)
2019-05-08 18:52:35,239:INFO main (PostProcessorRegistrationDelegate.java:327) - Bean 'spring.cache-org.springframework.boot.autoconfigure.cache.CacheProperties' of type [org.springframework.boot.autoconfigure.cache.CacheProperties] is not eligible for getting processed by all BeanPostProcessors (for example: not eligible for auto-proxying)
2019-05-08 18:52:35,279:INFO main (PostProcessorRegistrationDelegate.java:327) - Bean 'cacheManagerCustomizers' of type [org.springframework.boot.autoconfigure.cache.CacheManagerCustomizers] is not eligible for getting processed by all BeanPostProcessors (for example: not eligible for auto-proxying)
2019-05-08 18:52:35,296:INFO main (PostProcessorRegistrationDelegate.java:327) - Bean 'org.springframework.boot.autoconfigure.cache.GuavaCacheConfiguration' of type [org.springframework.boot.autoconfigure.cache.GuavaCacheConfiguration$$EnhancerBySpringCGLIB$$4c879a7b] is not eligible for getting processed by all BeanPostProcessors (for example: not eligible for auto-proxying)
2019-05-08 18:52:35,625:INFO main (PostProcessorRegistrationDelegate.java:327) - Bean 'cacheManager' of type [org.springframework.cache.guava.GuavaCacheManager] is not eligible for getting processed by all BeanPostProcessors (for example: not eligible for auto-proxying)
2019-05-08 18:52:35,627:INFO main (PostProcessorRegistrationDelegate.java:327) - Bean 'cacheAutoConfigurationValidator' of type [org.springframework.boot.autoconfigure.cache.CacheAutoConfiguration$CacheManagerValidator] is not eligible for getting processed by all BeanPostProcessors (for example: not eligible for auto-proxying)
2019-05-08 18:52:35,730:INFO main (PostProcessorRegistrationDelegate.java:327) - Bean 'org.springframework.transaction.annotation.ProxyTransactionManagementConfiguration' of type [org.springframework.transaction.annotation.ProxyTransactionManagementConfiguration$$EnhancerBySpringCGLIB$$b764671c] is not eligible for getting processed by all BeanPostProcessors (for example: not eligible for auto-proxying)
2019-05-08 18:52:35,849:INFO main (PostProcessorRegistrationDelegate.java:327) - Bean 'org.springframework.cloud.netflix.metrics.MetricsInterceptorConfiguration$MetricsRestTemplateConfiguration' of type [org.springframework.cloud.netflix.metrics.MetricsInterceptorConfiguration$MetricsRestTemplateConfiguration$$EnhancerBySpringCGLIB$$e9910d5d] is not eligible for getting processed by all BeanPostProcessors (for example: not eligible for auto-proxying)
2019-05-08 18:52:35,893:INFO main (PostProcessorRegistrationDelegate.java:327) - Bean 'org.springframework.cloud.autoconfigure.ConfigurationPropertiesRebinderAutoConfiguration' of type [org.springframework.cloud.autoconfigure.ConfigurationPropertiesRebinderAutoConfiguration$$EnhancerBySpringCGLIB$$d37e6a19] is not eligible for getting processed by all BeanPostProcessors (for example: not eligible for auto-proxying)
2019-05-08 18:52:37,330:INFO main (TomcatEmbeddedServletContainer.java:89) - Tomcat initialized with port(s): 9000 (http)
2019-05-08 18:52:37,349:INFO main (DirectJDKLog.java:179) - Starting service [Tomcat]
2019-05-08 18:52:37,351:INFO main (DirectJDKLog.java:179) - Starting Servlet Engine: Apache Tomcat/8.5.23
2019-05-08 18:52:37,862:INFO localhost-startStop-1 (DirectJDKLog.java:179) - Initializing Spring embedded WebApplicationContext
2019-05-08 18:52:37,862:INFO localhost-startStop-1 (EmbeddedWebApplicationContext.java:276) - Root WebApplicationContext: initialization completed in 8962 ms
2019-05-08 18:52:38,998:INFO localhost-startStop-1 (ServletRegistrationBean.java:190) - Mapping servlet: 'dispatcherServlet' to [/]
2019-05-08 18:52:39,001:INFO localhost-startStop-1 (ServletRegistrationBean.java:190) - Mapping servlet: 'statViewServlet' to [/druid/*]
2019-05-08 18:52:39,012:INFO localhost-startStop-1 (AbstractFilterRegistrationBean.java:258) - Mapping filter: 'characterEncodingFilter' to: [/*]
2019-05-08 18:52:39,012:INFO localhost-startStop-1 (AbstractFilterRegistrationBean.java:258) - Mapping filter: 'metricsFilter' to: [/*]
2019-05-08 18:52:39,013:INFO localhost-startStop-1 (AbstractFilterRegistrationBean.java:258) - Mapping filter: 'hiddenHttpMethodFilter' to: [/*]
2019-05-08 18:52:39,013:INFO localhost-startStop-1 (AbstractFilterRegistrationBean.java:258) - Mapping filter: 'httpPutFormContentFilter' to: [/*]
2019-05-08 18:52:39,013:INFO localhost-startStop-1 (AbstractFilterRegistrationBean.java:258) - Mapping filter: 'requestContextFilter' to: [/*]
2019-05-08 18:52:39,013:INFO localhost-startStop-1 (AbstractFilterRegistrationBean.java:258) - Mapping filter: 'webRequestLoggingFilter' to: [/*]
2019-05-08 18:52:39,013:INFO localhost-startStop-1 (AbstractFilterRegistrationBean.java:271) - Mapping filter: 'webStatFilter' to urls: [/*]
2019-05-08 18:52:39,036:INFO localhost-startStop-1 (AbstractFilterRegistrationBean.java:258) - Mapping filter: 'corsFilter' to: [/*]
2019-05-08 18:52:39,037:INFO localhost-startStop-1 (AbstractFilterRegistrationBean.java:258) - Mapping filter: 'applicationContextIdFilter' to: [/*]
2019-05-08 18:52:41,880:INFO main (CacheUtil.java:26) - CacheUtil is init
2019-05-08 18:52:45,655:INFO main (DruidDataSource.java:932) - {dataSource-1} inited
2019-05-08 18:52:47,294:WARN main (TableInfoHelper.java:192) - Warn: Could not find @TableId in Class: com.vpclub.activitycheckinfo.entity.ActivityJoinInfoEntity.
2019-05-08 18:52:47,294:WARN main (AutoSqlInjector.java:145) - class com.vpclub.activitycheckinfo.entity.ActivityJoinInfoEntity ,Not found @TableId annotation, Cannot use Mybatis-Plus 'xxById' Method.
2019-05-08 18:52:47,422:WARN main (TableInfoHelper.java:192) - Warn: Could not find @TableId in Class: com.vpclub.activitycheckinfo.entity.ActivityMemberInfoEntity.
2019-05-08 18:52:47,422:WARN main (AutoSqlInjector.java:145) - class com.vpclub.activitycheckinfo.entity.ActivityMemberInfoEntity ,Not found @TableId annotation, Cannot use Mybatis-Plus 'xxById' Method.
2019-05-08 18:52:48,211:WARN main (AbstractApplicationContext.java:551) - Exception encountered during context initialization - cancelling refresh attempt: org.springframework.beans.factory.UnsatisfiedDependencyException: Error creating bean with name 'activityJoinInfoController': Unsatisfied dependency expressed through field 'redisUtils'; nested exception is org.springframework.beans.factory.NoSuchBeanDefinitionException: No qualifying bean of type 'com.vpclub.util.RedisUtils' available: expected at least 1 bean which qualifies as autowire candidate. Dependency annotations: {@org.springframework.beans.factory.annotation.Autowired(required=true)}
2019-05-08 18:52:48,253:INFO main (DruidDataSource.java:1712) - {dataSource-1} closed
2019-05-08 18:52:48,255:INFO main (DirectJDKLog.java:179) - Stopping service [Tomcat]
2019-05-08 18:52:48,309:INFO main (AutoConfigurationReportLoggingInitializer.java:101) - 

Error starting ApplicationContext. To display the auto-configuration report re-run your application with 'debug' enabled.
2019-05-08 18:52:48,994:ERROR main (LoggingFailureAnalysisReporter.java:42) - 

***************************
APPLICATION FAILED TO START
***************************

Description:

Field redisUtils in com.vpclub.activitycheckinfo.controller.ActivityJoinInfoController required a bean of type 'com.vpclub.util.RedisUtils' that could not be found.


Action:

Consider defining a bean of type 'com.vpclub.util.RedisUtils' in your configuration.

2019-05-08 18:56:00,614:INFO main (AbstractApplicationContext.java:583) - Refreshing org.springframework.context.annotation.AnnotationConfigApplicationContext@33d05366: startup date [Wed May 08 18:56:00 CST 2019]; root of context hierarchy
2019-05-08 18:56:00,993:INFO background-preinit (Version.java:30) - HV000001: Hibernate Validator 5.3.6.Final
2019-05-08 18:56:01,377:INFO main (AutowiredAnnotationBeanPostProcessor.java:155) - JSR-330 'javax.inject.Inject' annotation found and supported for autowiring
2019-05-08 18:56:01,481:INFO main (PostProcessorRegistrationDelegate.java:327) - Bean 'configurationPropertiesRebinderAutoConfiguration' of type [org.springframework.cloud.autoconfigure.ConfigurationPropertiesRebinderAutoConfiguration$$EnhancerBySpringCGLIB$$ad9226c2] is not eligible for getting processed by all BeanPostProcessors (for example: not eligible for auto-proxying)
2019-05-08 18:56:03,321:INFO main (SpringApplication.java:597) - The following profiles are active: local
2019-05-08 18:56:03,357:INFO main (AbstractApplicationContext.java:583) - Refreshing org.springframework.boot.context.embedded.AnnotationConfigEmbeddedWebApplicationContext@4b65d9f4: startup date [Wed May 08 18:56:03 CST 2019]; parent: org.springframework.context.annotation.AnnotationConfigApplicationContext@33d05366
2019-05-08 18:56:06,063:INFO main (DefaultListableBeanFactory.java:828) - Overriding bean definition for bean 'redisTemplate' with a different definition: replacing [Root bean: class [null]; scope=; abstract=false; lazyInit=false; autowireMode=3; dependencyCheck=0; autowireCandidate=true; primary=false; factoryBeanName=redisConfig; factoryMethodName=redisTemplate; initMethodName=null; destroyMethodName=(inferred); defined in class path resource [com/vpclub/config/RedisConfig.class]] with [Root bean: class [null]; scope=; abstract=false; lazyInit=false; autowireMode=3; dependencyCheck=0; autowireCandidate=true; primary=false; factoryBeanName=redisAutoConfiguration; factoryMethodName=redisTemplate; initMethodName=null; destroyMethodName=(inferred); defined in class path resource [com/vpclub/redis/RedisAutoConfiguration.class]]
2019-05-08 18:56:06,064:INFO main (DefaultListableBeanFactory.java:828) - Overriding bean definition for bean 'redisUtils' with a different definition: replacing [Generic bean: class [com.vpclub.util.RedisUtils]; scope=singleton; abstract=false; lazyInit=false; autowireMode=0; dependencyCheck=0; autowireCandidate=true; primary=false; factoryBeanName=null; factoryMethodName=null; initMethodName=null; destroyMethodName=null; defined in file [D:\Git\project\new\vpjoinin\common\common-util\target\classes\com\vpclub\util\RedisUtils.class]] with [Root bean: class [null]; scope=; abstract=false; lazyInit=false; autowireMode=3; dependencyCheck=0; autowireCandidate=true; primary=false; factoryBeanName=redisAutoConfiguration; factoryMethodName=redisUtils; initMethodName=null; destroyMethodName=(inferred); defined in class path resource [com/vpclub/redis/RedisAutoConfiguration.class]]
2019-05-08 18:56:06,065:INFO main (DefaultListableBeanFactory.java:828) - Overriding bean definition for bean 'hashOperations' with a different definition: replacing [Root bean: class [null]; scope=; abstract=false; lazyInit=false; autowireMode=3; dependencyCheck=0; autowireCandidate=true; primary=false; factoryBeanName=redisConfig; factoryMethodName=hashOperations; initMethodName=null; destroyMethodName=(inferred); defined in class path resource [com/vpclub/config/RedisConfig.class]] with [Root bean: class [null]; scope=; abstract=false; lazyInit=false; autowireMode=3; dependencyCheck=0; autowireCandidate=true; primary=false; factoryBeanName=redisAutoConfiguration; factoryMethodName=hashOperations; initMethodName=null; destroyMethodName=(inferred); defined in class path resource [com/vpclub/redis/RedisAutoConfiguration.class]]
2019-05-08 18:56:06,066:INFO main (DefaultListableBeanFactory.java:828) - Overriding bean definition for bean 'valueOperations' with a different definition: replacing [Root bean: class [null]; scope=; abstract=false; lazyInit=false; autowireMode=3; dependencyCheck=0; autowireCandidate=true; primary=false; factoryBeanName=redisConfig; factoryMethodName=valueOperations; initMethodName=null; destroyMethodName=(inferred); defined in class path resource [com/vpclub/config/RedisConfig.class]] with [Root bean: class [null]; scope=; abstract=false; lazyInit=false; autowireMode=3; dependencyCheck=0; autowireCandidate=true; primary=false; factoryBeanName=redisAutoConfiguration; factoryMethodName=valueOperations; initMethodName=null; destroyMethodName=(inferred); defined in class path resource [com/vpclub/redis/RedisAutoConfiguration.class]]
2019-05-08 18:56:06,067:INFO main (DefaultListableBeanFactory.java:828) - Overriding bean definition for bean 'listOperations' with a different definition: replacing [Root bean: class [null]; scope=; abstract=false; lazyInit=false; autowireMode=3; dependencyCheck=0; autowireCandidate=true; primary=false; factoryBeanName=redisConfig; factoryMethodName=listOperations; initMethodName=null; destroyMethodName=(inferred); defined in class path resource [com/vpclub/config/RedisConfig.class]] with [Root bean: class [null]; scope=; abstract=false; lazyInit=false; autowireMode=3; dependencyCheck=0; autowireCandidate=true; primary=false; factoryBeanName=redisAutoConfiguration; factoryMethodName=listOperations; initMethodName=null; destroyMethodName=(inferred); defined in class path resource [com/vpclub/redis/RedisAutoConfiguration.class]]
2019-05-08 18:56:06,069:INFO main (DefaultListableBeanFactory.java:828) - Overriding bean definition for bean 'setOperations' with a different definition: replacing [Root bean: class [null]; scope=; abstract=false; lazyInit=false; autowireMode=3; dependencyCheck=0; autowireCandidate=true; primary=false; factoryBeanName=redisConfig; factoryMethodName=setOperations; initMethodName=null; destroyMethodName=(inferred); defined in class path resource [com/vpclub/config/RedisConfig.class]] with [Root bean: class [null]; scope=; abstract=false; lazyInit=false; autowireMode=3; dependencyCheck=0; autowireCandidate=true; primary=false; factoryBeanName=redisAutoConfiguration; factoryMethodName=setOperations; initMethodName=null; destroyMethodName=(inferred); defined in class path resource [com/vpclub/redis/RedisAutoConfiguration.class]]
2019-05-08 18:56:06,070:INFO main (DefaultListableBeanFactory.java:828) - Overriding bean definition for bean 'zSetOperations' with a different definition: replacing [Root bean: class [null]; scope=; abstract=false; lazyInit=false; autowireMode=3; dependencyCheck=0; autowireCandidate=true; primary=false; factoryBeanName=redisConfig; factoryMethodName=zSetOperations; initMethodName=null; destroyMethodName=(inferred); defined in class path resource [com/vpclub/config/RedisConfig.class]] with [Root bean: class [null]; scope=; abstract=false; lazyInit=false; autowireMode=3; dependencyCheck=0; autowireCandidate=true; primary=false; factoryBeanName=redisAutoConfiguration; factoryMethodName=zSetOperations; initMethodName=null; destroyMethodName=(inferred); defined in class path resource [com/vpclub/redis/RedisAutoConfiguration.class]]
2019-05-08 18:56:06,932:INFO main (RepositoryConfigurationDelegate.java:165) - Multiple Spring Data modules found, entering strict repository configuration mode!
2019-05-08 18:56:07,426:INFO main (DefaultListableBeanFactory.java:828) - Overriding bean definition for bean 'characterEncodingFilter' with a different definition: replacing [Root bean: class [null]; scope=; abstract=false; lazyInit=false; autowireMode=3; dependencyCheck=0; autowireCandidate=true; primary=false; factoryBeanName=webMvcConfigurer; factoryMethodName=characterEncodingFilter; initMethodName=null; destroyMethodName=(inferred); defined in class path resource [com/vpclub/config/WebMvcConfigurer.class]] with [Root bean: class [null]; scope=; abstract=false; lazyInit=false; autowireMode=3; dependencyCheck=0; autowireCandidate=true; primary=false; factoryBeanName=org.springframework.boot.autoconfigure.web.HttpEncodingAutoConfiguration; factoryMethodName=characterEncodingFilter; initMethodName=null; destroyMethodName=(inferred); defined in class path resource [org/springframework/boot/autoconfigure/web/HttpEncodingAutoConfiguration.class]]
2019-05-08 18:56:08,559:INFO main (GenericScope.java:287) - BeanFactory id=78f6414e-7b7f-3ad9-bb68-cdbf4073d9fe
2019-05-08 18:56:08,665:INFO main (AutowiredAnnotationBeanPostProcessor.java:155) - JSR-330 'javax.inject.Inject' annotation found and supported for autowiring
2019-05-08 18:56:08,870:INFO main (PostProcessorRegistrationDelegate.java:327) - Bean 'webMvcConfigurer' of type [com.vpclub.config.WebMvcConfigurer$$EnhancerBySpringCGLIB$$7a41d077] is not eligible for getting processed by all BeanPostProcessors (for example: not eligible for auto-proxying)
2019-05-08 18:56:08,921:INFO main (PostProcessorRegistrationDelegate.java:327) - Bean 'validator' of type [org.hibernate.validator.internal.engine.ValidatorImpl] is not eligible for getting processed by all BeanPostProcessors (for example: not eligible for auto-proxying)
2019-05-08 18:56:09,364:INFO main (PostProcessorRegistrationDelegate.java:327) - Bean 'org.springframework.cache.annotation.ProxyCachingConfiguration' of type [org.springframework.cache.annotation.ProxyCachingConfiguration$$EnhancerBySpringCGLIB$$da8a59e3] is not eligible for getting processed by all BeanPostProcessors (for example: not eligible for auto-proxying)
2019-05-08 18:56:09,862:INFO main (PostProcessorRegistrationDelegate.java:327) - Bean 'org.springframework.boot.autoconfigure.cache.CacheAutoConfiguration' of type [org.springframework.boot.autoconfigure.cache.CacheAutoConfiguration$$EnhancerBySpringCGLIB$$cefe1e87] is not eligible for getting processed by all BeanPostProcessors (for example: not eligible for auto-proxying)
2019-05-08 18:56:09,947:INFO main (PostProcessorRegistrationDelegate.java:327) - Bean 'spring.cache-org.springframework.boot.autoconfigure.cache.CacheProperties' of type [org.springframework.boot.autoconfigure.cache.CacheProperties] is not eligible for getting processed by all BeanPostProcessors (for example: not eligible for auto-proxying)
2019-05-08 18:56:09,987:INFO main (PostProcessorRegistrationDelegate.java:327) - Bean 'cacheManagerCustomizers' of type [org.springframework.boot.autoconfigure.cache.CacheManagerCustomizers] is not eligible for getting processed by all BeanPostProcessors (for example: not eligible for auto-proxying)
2019-05-08 18:56:10,010:INFO main (PostProcessorRegistrationDelegate.java:327) - Bean 'org.springframework.boot.autoconfigure.cache.GuavaCacheConfiguration' of type [org.springframework.boot.autoconfigure.cache.GuavaCacheConfiguration$$EnhancerBySpringCGLIB$$269b5724] is not eligible for getting processed by all BeanPostProcessors (for example: not eligible for auto-proxying)
2019-05-08 18:56:10,321:INFO main (PostProcessorRegistrationDelegate.java:327) - Bean 'cacheManager' of type [org.springframework.cache.guava.GuavaCacheManager] is not eligible for getting processed by all BeanPostProcessors (for example: not eligible for auto-proxying)
2019-05-08 18:56:10,322:INFO main (PostProcessorRegistrationDelegate.java:327) - Bean 'cacheAutoConfigurationValidator' of type [org.springframework.boot.autoconfigure.cache.CacheAutoConfiguration$CacheManagerValidator] is not eligible for getting processed by all BeanPostProcessors (for example: not eligible for auto-proxying)
2019-05-08 18:56:10,425:INFO main (PostProcessorRegistrationDelegate.java:327) - Bean 'org.springframework.transaction.annotation.ProxyTransactionManagementConfiguration' of type [org.springframework.transaction.annotation.ProxyTransactionManagementConfiguration$$EnhancerBySpringCGLIB$$917823c5] is not eligible for getting processed by all BeanPostProcessors (for example: not eligible for auto-proxying)
2019-05-08 18:56:10,610:INFO main (PostProcessorRegistrationDelegate.java:327) - Bean 'org.springframework.cloud.netflix.metrics.MetricsInterceptorConfiguration$MetricsRestTemplateConfiguration' of type [org.springframework.cloud.netflix.metrics.MetricsInterceptorConfiguration$MetricsRestTemplateConfiguration$$EnhancerBySpringCGLIB$$c3a4ca06] is not eligible for getting processed by all BeanPostProcessors (for example: not eligible for auto-proxying)
2019-05-08 18:56:10,650:INFO main (PostProcessorRegistrationDelegate.java:327) - Bean 'org.springframework.cloud.autoconfigure.ConfigurationPropertiesRebinderAutoConfiguration' of type [org.springframework.cloud.autoconfigure.ConfigurationPropertiesRebinderAutoConfiguration$$EnhancerBySpringCGLIB$$ad9226c2] is not eligible for getting processed by all BeanPostProcessors (for example: not eligible for auto-proxying)
2019-05-08 18:56:12,290:INFO main (TomcatEmbeddedServletContainer.java:89) - Tomcat initialized with port(s): 9000 (http)
2019-05-08 18:56:12,326:INFO main (DirectJDKLog.java:179) - Starting service [Tomcat]
2019-05-08 18:56:12,330:INFO main (DirectJDKLog.java:179) - Starting Servlet Engine: Apache Tomcat/8.5.23
2019-05-08 18:56:12,954:INFO localhost-startStop-1 (DirectJDKLog.java:179) - Initializing Spring embedded WebApplicationContext
2019-05-08 18:56:12,955:INFO localhost-startStop-1 (EmbeddedWebApplicationContext.java:276) - Root WebApplicationContext: initialization completed in 9598 ms
2019-05-08 18:56:14,236:INFO localhost-startStop-1 (ServletRegistrationBean.java:190) - Mapping servlet: 'dispatcherServlet' to [/]
2019-05-08 18:56:14,238:INFO localhost-startStop-1 (ServletRegistrationBean.java:190) - Mapping servlet: 'statViewServlet' to [/druid/*]
2019-05-08 18:56:14,264:INFO localhost-startStop-1 (AbstractFilterRegistrationBean.java:258) - Mapping filter: 'characterEncodingFilter' to: [/*]
2019-05-08 18:56:14,265:INFO localhost-startStop-1 (AbstractFilterRegistrationBean.java:258) - Mapping filter: 'metricsFilter' to: [/*]
2019-05-08 18:56:14,266:INFO localhost-startStop-1 (AbstractFilterRegistrationBean.java:258) - Mapping filter: 'hiddenHttpMethodFilter' to: [/*]
2019-05-08 18:56:14,266:INFO localhost-startStop-1 (AbstractFilterRegistrationBean.java:258) - Mapping filter: 'httpPutFormContentFilter' to: [/*]
2019-05-08 18:56:14,267:INFO localhost-startStop-1 (AbstractFilterRegistrationBean.java:258) - Mapping filter: 'requestContextFilter' to: [/*]
2019-05-08 18:56:14,267:INFO localhost-startStop-1 (AbstractFilterRegistrationBean.java:258) - Mapping filter: 'webRequestLoggingFilter' to: [/*]
2019-05-08 18:56:14,267:INFO localhost-startStop-1 (AbstractFilterRegistrationBean.java:271) - Mapping filter: 'webStatFilter' to urls: [/*]
2019-05-08 18:56:14,272:INFO localhost-startStop-1 (AbstractFilterRegistrationBean.java:258) - Mapping filter: 'corsFilter' to: [/*]
2019-05-08 18:56:14,273:INFO localhost-startStop-1 (AbstractFilterRegistrationBean.java:258) - Mapping filter: 'applicationContextIdFilter' to: [/*]
2019-05-08 18:56:17,066:INFO main (CacheUtil.java:26) - CacheUtil is init
2019-05-08 18:56:20,670:INFO main (DruidDataSource.java:932) - {dataSource-1} inited
2019-05-08 18:56:22,007:WARN main (TableInfoHelper.java:192) - Warn: Could not find @TableId in Class: com.vpclub.activitycheckinfo.entity.ActivityJoinInfoEntity.
2019-05-08 18:56:22,008:WARN main (AutoSqlInjector.java:145) - class com.vpclub.activitycheckinfo.entity.ActivityJoinInfoEntity ,Not found @TableId annotation, Cannot use Mybatis-Plus 'xxById' Method.
2019-05-08 18:56:22,150:WARN main (TableInfoHelper.java:192) - Warn: Could not find @TableId in Class: com.vpclub.activitycheckinfo.entity.ActivityMemberInfoEntity.
2019-05-08 18:56:22,151:WARN main (AutoSqlInjector.java:145) - class com.vpclub.activitycheckinfo.entity.ActivityMemberInfoEntity ,Not found @TableId annotation, Cannot use Mybatis-Plus 'xxById' Method.
2019-05-08 18:56:22,735:WARN main (AbstractApplicationContext.java:551) - Exception encountered during context initialization - cancelling refresh attempt: org.springframework.beans.factory.UnsatisfiedDependencyException: Error creating bean with name 'activityJoinInfoController': Unsatisfied dependency expressed through field 'redisUtils'; nested exception is org.springframework.beans.factory.NoSuchBeanDefinitionException: No qualifying bean of type 'com.vpclub.util.RedisUtils' available: expected at least 1 bean which qualifies as autowire candidate. Dependency annotations: {@org.springframework.beans.factory.annotation.Autowired(required=true)}
2019-05-08 18:56:22,793:INFO main (DruidDataSource.java:1712) - {dataSource-1} closed
2019-05-08 18:56:22,795:INFO main (DirectJDKLog.java:179) - Stopping service [Tomcat]
2019-05-08 18:56:22,832:INFO main (AutoConfigurationReportLoggingInitializer.java:101) - 

Error starting ApplicationContext. To display the auto-configuration report re-run your application with 'debug' enabled.
2019-05-08 18:56:23,334:ERROR main (LoggingFailureAnalysisReporter.java:42) - 

***************************
APPLICATION FAILED TO START
***************************

Description:

Field redisUtils in com.vpclub.activitycheckinfo.controller.ActivityJoinInfoController required a bean of type 'com.vpclub.util.RedisUtils' that could not be found.


Action:

Consider defining a bean of type 'com.vpclub.util.RedisUtils' in your configuration.

2019-05-08 19:02:35,826:INFO main (AbstractApplicationContext.java:583) - Refreshing org.springframework.context.annotation.AnnotationConfigApplicationContext@33d05366: startup date [Wed May 08 19:02:35 CST 2019]; root of context hierarchy
2019-05-08 19:02:36,288:INFO background-preinit (Version.java:30) - HV000001: Hibernate Validator 5.3.6.Final
2019-05-08 19:02:36,737:INFO main (AutowiredAnnotationBeanPostProcessor.java:155) - JSR-330 'javax.inject.Inject' annotation found and supported for autowiring
2019-05-08 19:02:36,867:INFO main (PostProcessorRegistrationDelegate.java:327) - Bean 'configurationPropertiesRebinderAutoConfiguration' of type [org.springframework.cloud.autoconfigure.ConfigurationPropertiesRebinderAutoConfiguration$$EnhancerBySpringCGLIB$$2d302eeb] is not eligible for getting processed by all BeanPostProcessors (for example: not eligible for auto-proxying)
2019-05-08 19:02:38,773:INFO main (SpringApplication.java:597) - The following profiles are active: local
2019-05-08 19:02:38,809:INFO main (AbstractApplicationContext.java:583) - Refreshing org.springframework.boot.context.embedded.AnnotationConfigEmbeddedWebApplicationContext@7899de11: startup date [Wed May 08 19:02:38 CST 2019]; parent: org.springframework.context.annotation.AnnotationConfigApplicationContext@33d05366
2019-05-08 19:02:41,760:INFO main (DefaultListableBeanFactory.java:828) - Overriding bean definition for bean 'redisTemplate' with a different definition: replacing [Root bean: class [null]; scope=; abstract=false; lazyInit=false; autowireMode=3; dependencyCheck=0; autowireCandidate=true; primary=false; factoryBeanName=redisConfig; factoryMethodName=redisTemplate; initMethodName=null; destroyMethodName=(inferred); defined in class path resource [com/vpclub/config/RedisConfig.class]] with [Root bean: class [null]; scope=; abstract=false; lazyInit=false; autowireMode=3; dependencyCheck=0; autowireCandidate=true; primary=false; factoryBeanName=redisAutoConfiguration; factoryMethodName=redisTemplate; initMethodName=null; destroyMethodName=(inferred); defined in class path resource [com/vpclub/redis/RedisAutoConfiguration.class]]
2019-05-08 19:02:41,763:INFO main (DefaultListableBeanFactory.java:828) - Overriding bean definition for bean 'redisUtils' with a different definition: replacing [Generic bean: class [com.vpclub.util.RedisUtils]; scope=singleton; abstract=false; lazyInit=false; autowireMode=0; dependencyCheck=0; autowireCandidate=true; primary=false; factoryBeanName=null; factoryMethodName=null; initMethodName=null; destroyMethodName=null; defined in file [D:\Git\project\new\vpjoinin\common\common-util\target\classes\com\vpclub\util\RedisUtils.class]] with [Root bean: class [null]; scope=; abstract=false; lazyInit=false; autowireMode=3; dependencyCheck=0; autowireCandidate=true; primary=false; factoryBeanName=redisAutoConfiguration; factoryMethodName=redisUtils; initMethodName=null; destroyMethodName=(inferred); defined in class path resource [com/vpclub/redis/RedisAutoConfiguration.class]]
2019-05-08 19:02:41,763:INFO main (DefaultListableBeanFactory.java:828) - Overriding bean definition for bean 'hashOperations' with a different definition: replacing [Root bean: class [null]; scope=; abstract=false; lazyInit=false; autowireMode=3; dependencyCheck=0; autowireCandidate=true; primary=false; factoryBeanName=redisConfig; factoryMethodName=hashOperations; initMethodName=null; destroyMethodName=(inferred); defined in class path resource [com/vpclub/config/RedisConfig.class]] with [Root bean: class [null]; scope=; abstract=false; lazyInit=false; autowireMode=3; dependencyCheck=0; autowireCandidate=true; primary=false; factoryBeanName=redisAutoConfiguration; factoryMethodName=hashOperations; initMethodName=null; destroyMethodName=(inferred); defined in class path resource [com/vpclub/redis/RedisAutoConfiguration.class]]
2019-05-08 19:02:41,764:INFO main (DefaultListableBeanFactory.java:828) - Overriding bean definition for bean 'valueOperations' with a different definition: replacing [Root bean: class [null]; scope=; abstract=false; lazyInit=false; autowireMode=3; dependencyCheck=0; autowireCandidate=true; primary=false; factoryBeanName=redisConfig; factoryMethodName=valueOperations; initMethodName=null; destroyMethodName=(inferred); defined in class path resource [com/vpclub/config/RedisConfig.class]] with [Root bean: class [null]; scope=; abstract=false; lazyInit=false; autowireMode=3; dependencyCheck=0; autowireCandidate=true; primary=false; factoryBeanName=redisAutoConfiguration; factoryMethodName=valueOperations; initMethodName=null; destroyMethodName=(inferred); defined in class path resource [com/vpclub/redis/RedisAutoConfiguration.class]]
2019-05-08 19:02:41,770:INFO main (DefaultListableBeanFactory.java:828) - Overriding bean definition for bean 'listOperations' with a different definition: replacing [Root bean: class [null]; scope=; abstract=false; lazyInit=false; autowireMode=3; dependencyCheck=0; autowireCandidate=true; primary=false; factoryBeanName=redisConfig; factoryMethodName=listOperations; initMethodName=null; destroyMethodName=(inferred); defined in class path resource [com/vpclub/config/RedisConfig.class]] with [Root bean: class [null]; scope=; abstract=false; lazyInit=false; autowireMode=3; dependencyCheck=0; autowireCandidate=true; primary=false; factoryBeanName=redisAutoConfiguration; factoryMethodName=listOperations; initMethodName=null; destroyMethodName=(inferred); defined in class path resource [com/vpclub/redis/RedisAutoConfiguration.class]]
2019-05-08 19:02:41,771:INFO main (DefaultListableBeanFactory.java:828) - Overriding bean definition for bean 'setOperations' with a different definition: replacing [Root bean: class [null]; scope=; abstract=false; lazyInit=false; autowireMode=3; dependencyCheck=0; autowireCandidate=true; primary=false; factoryBeanName=redisConfig; factoryMethodName=setOperations; initMethodName=null; destroyMethodName=(inferred); defined in class path resource [com/vpclub/config/RedisConfig.class]] with [Root bean: class [null]; scope=; abstract=false; lazyInit=false; autowireMode=3; dependencyCheck=0; autowireCandidate=true; primary=false; factoryBeanName=redisAutoConfiguration; factoryMethodName=setOperations; initMethodName=null; destroyMethodName=(inferred); defined in class path resource [com/vpclub/redis/RedisAutoConfiguration.class]]
2019-05-08 19:02:41,771:INFO main (DefaultListableBeanFactory.java:828) - Overriding bean definition for bean 'zSetOperations' with a different definition: replacing [Root bean: class [null]; scope=; abstract=false; lazyInit=false; autowireMode=3; dependencyCheck=0; autowireCandidate=true; primary=false; factoryBeanName=redisConfig; factoryMethodName=zSetOperations; initMethodName=null; destroyMethodName=(inferred); defined in class path resource [com/vpclub/config/RedisConfig.class]] with [Root bean: class [null]; scope=; abstract=false; lazyInit=false; autowireMode=3; dependencyCheck=0; autowireCandidate=true; primary=false; factoryBeanName=redisAutoConfiguration; factoryMethodName=zSetOperations; initMethodName=null; destroyMethodName=(inferred); defined in class path resource [com/vpclub/redis/RedisAutoConfiguration.class]]
2019-05-08 19:02:43,011:INFO main (RepositoryConfigurationDelegate.java:165) - Multiple Spring Data modules found, entering strict repository configuration mode!
2019-05-08 19:02:43,543:INFO main (DefaultListableBeanFactory.java:828) - Overriding bean definition for bean 'characterEncodingFilter' with a different definition: replacing [Root bean: class [null]; scope=; abstract=false; lazyInit=false; autowireMode=3; dependencyCheck=0; autowireCandidate=true; primary=false; factoryBeanName=webMvcConfigurer; factoryMethodName=characterEncodingFilter; initMethodName=null; destroyMethodName=(inferred); defined in class path resource [com/vpclub/config/WebMvcConfigurer.class]] with [Root bean: class [null]; scope=; abstract=false; lazyInit=false; autowireMode=3; dependencyCheck=0; autowireCandidate=true; primary=false; factoryBeanName=org.springframework.boot.autoconfigure.web.HttpEncodingAutoConfiguration; factoryMethodName=characterEncodingFilter; initMethodName=null; destroyMethodName=(inferred); defined in class path resource [org/springframework/boot/autoconfigure/web/HttpEncodingAutoConfiguration.class]]
2019-05-08 19:02:44,435:INFO main (GenericScope.java:287) - BeanFactory id=78f6414e-7b7f-3ad9-bb68-cdbf4073d9fe
2019-05-08 19:02:44,600:INFO main (AutowiredAnnotationBeanPostProcessor.java:155) - JSR-330 'javax.inject.Inject' annotation found and supported for autowiring
2019-05-08 19:02:44,727:INFO main (PostProcessorRegistrationDelegate.java:327) - Bean 'webMvcConfigurer' of type [com.vpclub.config.WebMvcConfigurer$$EnhancerBySpringCGLIB$$f9dfd8a0] is not eligible for getting processed by all BeanPostProcessors (for example: not eligible for auto-proxying)
2019-05-08 19:02:44,762:INFO main (PostProcessorRegistrationDelegate.java:327) - Bean 'validator' of type [org.hibernate.validator.internal.engine.ValidatorImpl] is not eligible for getting processed by all BeanPostProcessors (for example: not eligible for auto-proxying)
2019-05-08 19:02:45,296:INFO main (PostProcessorRegistrationDelegate.java:327) - Bean 'org.springframework.cache.annotation.ProxyCachingConfiguration' of type [org.springframework.cache.annotation.ProxyCachingConfiguration$$EnhancerBySpringCGLIB$$5a28620c] is not eligible for getting processed by all BeanPostProcessors (for example: not eligible for auto-proxying)
2019-05-08 19:02:45,865:INFO main (PostProcessorRegistrationDelegate.java:327) - Bean 'org.springframework.boot.autoconfigure.cache.CacheAutoConfiguration' of type [org.springframework.boot.autoconfigure.cache.CacheAutoConfiguration$$EnhancerBySpringCGLIB$$4e9c26b0] is not eligible for getting processed by all BeanPostProcessors (for example: not eligible for auto-proxying)
2019-05-08 19:02:45,939:INFO main (PostProcessorRegistrationDelegate.java:327) - Bean 'spring.cache-org.springframework.boot.autoconfigure.cache.CacheProperties' of type [org.springframework.boot.autoconfigure.cache.CacheProperties] is not eligible for getting processed by all BeanPostProcessors (for example: not eligible for auto-proxying)
2019-05-08 19:02:45,973:INFO main (PostProcessorRegistrationDelegate.java:327) - Bean 'cacheManagerCustomizers' of type [org.springframework.boot.autoconfigure.cache.CacheManagerCustomizers] is not eligible for getting processed by all BeanPostProcessors (for example: not eligible for auto-proxying)
2019-05-08 19:02:45,996:INFO main (PostProcessorRegistrationDelegate.java:327) - Bean 'org.springframework.boot.autoconfigure.cache.GuavaCacheConfiguration' of type [org.springframework.boot.autoconfigure.cache.GuavaCacheConfiguration$$EnhancerBySpringCGLIB$$a6395f4d] is not eligible for getting processed by all BeanPostProcessors (for example: not eligible for auto-proxying)
2019-05-08 19:02:46,323:INFO main (PostProcessorRegistrationDelegate.java:327) - Bean 'cacheManager' of type [org.springframework.cache.guava.GuavaCacheManager] is not eligible for getting processed by all BeanPostProcessors (for example: not eligible for auto-proxying)
2019-05-08 19:02:46,325:INFO main (PostProcessorRegistrationDelegate.java:327) - Bean 'cacheAutoConfigurationValidator' of type [org.springframework.boot.autoconfigure.cache.CacheAutoConfiguration$CacheManagerValidator] is not eligible for getting processed by all BeanPostProcessors (for example: not eligible for auto-proxying)
2019-05-08 19:02:46,420:INFO main (PostProcessorRegistrationDelegate.java:327) - Bean 'org.springframework.transaction.annotation.ProxyTransactionManagementConfiguration' of type [org.springframework.transaction.annotation.ProxyTransactionManagementConfiguration$$EnhancerBySpringCGLIB$$11162bee] is not eligible for getting processed by all BeanPostProcessors (for example: not eligible for auto-proxying)
2019-05-08 19:02:46,613:INFO main (PostProcessorRegistrationDelegate.java:327) - Bean 'org.springframework.cloud.netflix.metrics.MetricsInterceptorConfiguration$MetricsRestTemplateConfiguration' of type [org.springframework.cloud.netflix.metrics.MetricsInterceptorConfiguration$MetricsRestTemplateConfiguration$$EnhancerBySpringCGLIB$$4342d22f] is not eligible for getting processed by all BeanPostProcessors (for example: not eligible for auto-proxying)
2019-05-08 19:02:46,653:INFO main (PostProcessorRegistrationDelegate.java:327) - Bean 'org.springframework.cloud.autoconfigure.ConfigurationPropertiesRebinderAutoConfiguration' of type [org.springframework.cloud.autoconfigure.ConfigurationPropertiesRebinderAutoConfiguration$$EnhancerBySpringCGLIB$$2d302eeb] is not eligible for getting processed by all BeanPostProcessors (for example: not eligible for auto-proxying)
2019-05-08 19:02:48,273:INFO main (TomcatEmbeddedServletContainer.java:89) - Tomcat initialized with port(s): 9000 (http)
2019-05-08 19:02:48,312:INFO main (DirectJDKLog.java:179) - Starting service [Tomcat]
2019-05-08 19:02:48,318:INFO main (DirectJDKLog.java:179) - Starting Servlet Engine: Apache Tomcat/8.5.23
2019-05-08 19:02:48,851:INFO localhost-startStop-1 (DirectJDKLog.java:179) - Initializing Spring embedded WebApplicationContext
2019-05-08 19:02:48,851:INFO localhost-startStop-1 (EmbeddedWebApplicationContext.java:276) - Root WebApplicationContext: initialization completed in 10042 ms
2019-05-08 19:02:50,014:INFO localhost-startStop-1 (ServletRegistrationBean.java:190) - Mapping servlet: 'dispatcherServlet' to [/]
2019-05-08 19:02:50,017:INFO localhost-startStop-1 (ServletRegistrationBean.java:190) - Mapping servlet: 'statViewServlet' to [/druid/*]
2019-05-08 19:02:50,030:INFO localhost-startStop-1 (AbstractFilterRegistrationBean.java:258) - Mapping filter: 'characterEncodingFilter' to: [/*]
2019-05-08 19:02:50,030:INFO localhost-startStop-1 (AbstractFilterRegistrationBean.java:258) - Mapping filter: 'metricsFilter' to: [/*]
2019-05-08 19:02:50,030:INFO localhost-startStop-1 (AbstractFilterRegistrationBean.java:258) - Mapping filter: 'hiddenHttpMethodFilter' to: [/*]
2019-05-08 19:02:50,030:INFO localhost-startStop-1 (AbstractFilterRegistrationBean.java:258) - Mapping filter: 'httpPutFormContentFilter' to: [/*]
2019-05-08 19:02:50,031:INFO localhost-startStop-1 (AbstractFilterRegistrationBean.java:258) - Mapping filter: 'requestContextFilter' to: [/*]
2019-05-08 19:02:50,031:INFO localhost-startStop-1 (AbstractFilterRegistrationBean.java:258) - Mapping filter: 'webRequestLoggingFilter' to: [/*]
2019-05-08 19:02:50,031:INFO localhost-startStop-1 (AbstractFilterRegistrationBean.java:271) - Mapping filter: 'webStatFilter' to urls: [/*]
2019-05-08 19:02:50,031:INFO localhost-startStop-1 (AbstractFilterRegistrationBean.java:258) - Mapping filter: 'corsFilter' to: [/*]
2019-05-08 19:02:50,032:INFO localhost-startStop-1 (AbstractFilterRegistrationBean.java:258) - Mapping filter: 'applicationContextIdFilter' to: [/*]
2019-05-08 19:02:52,696:INFO main (CacheUtil.java:26) - CacheUtil is init
2019-05-08 19:02:57,401:INFO main (DruidDataSource.java:932) - {dataSource-1} inited
2019-05-08 19:02:58,706:WARN main (TableInfoHelper.java:192) - Warn: Could not find @TableId in Class: com.vpclub.activitycheckinfo.entity.ActivityJoinInfoEntity.
2019-05-08 19:02:58,707:WARN main (AutoSqlInjector.java:145) - class com.vpclub.activitycheckinfo.entity.ActivityJoinInfoEntity ,Not found @TableId annotation, Cannot use Mybatis-Plus 'xxById' Method.
2019-05-08 19:02:58,844:WARN main (TableInfoHelper.java:192) - Warn: Could not find @TableId in Class: com.vpclub.activitycheckinfo.entity.ActivityMemberInfoEntity.
2019-05-08 19:02:58,845:WARN main (AutoSqlInjector.java:145) - class com.vpclub.activitycheckinfo.entity.ActivityMemberInfoEntity ,Not found @TableId annotation, Cannot use Mybatis-Plus 'xxById' Method.
2019-05-08 19:02:59,546:WARN main (AbstractApplicationContext.java:551) - Exception encountered during context initialization - cancelling refresh attempt: org.springframework.beans.factory.UnsatisfiedDependencyException: Error creating bean with name 'activityJoinInfoController': Unsatisfied dependency expressed through field 'redisUtils'; nested exception is org.springframework.beans.factory.NoSuchBeanDefinitionException: No qualifying bean of type 'com.vpclub.util.RedisUtils' available: expected at least 1 bean which qualifies as autowire candidate. Dependency annotations: {@org.springframework.beans.factory.annotation.Autowired(required=true)}
2019-05-08 19:02:59,561:INFO main (DruidDataSource.java:1712) - {dataSource-1} closed
2019-05-08 19:02:59,568:INFO main (DirectJDKLog.java:179) - Stopping service [Tomcat]
2019-05-08 19:02:59,609:INFO main (AutoConfigurationReportLoggingInitializer.java:101) - 

Error starting ApplicationContext. To display the auto-configuration report re-run your application with 'debug' enabled.
2019-05-08 19:03:00,645:ERROR main (LoggingFailureAnalysisReporter.java:42) - 

***************************
APPLICATION FAILED TO START
***************************

Description:

Field redisUtils in com.vpclub.activitycheckinfo.controller.ActivityJoinInfoController required a bean of type 'com.vpclub.util.RedisUtils' that could not be found.


Action:

Consider defining a bean of type 'com.vpclub.util.RedisUtils' in your configuration.

