2019-05-08 15:56:22,332:INFO main (AbstractApplicationContext.java:583) - Refreshing org.springframework.context.annotation.AnnotationConfigApplicationContext@33a2499c: startup date [Wed May 08 15:56:22 CST 2019]; root of context hierarchy
2019-05-08 15:56:22,656:INFO background-preinit (Version.java:30) - HV000001: Hibernate Validator 5.3.6.Final
2019-05-08 15:56:23,131:INFO main (AutowiredAnnotationBeanPostProcessor.java:155) - JSR-330 'javax.inject.Inject' annotation found and supported for autowiring
2019-05-08 15:56:23,235:INFO main (PostProcessorRegistrationDelegate.java:327) - Bean 'configurationPropertiesRebinderAutoConfiguration' of type [org.springframework.cloud.autoconfigure.ConfigurationPropertiesRebinderAutoConfiguration$$EnhancerBySpringCGLIB$$db541465] is not eligible for getting processed by all BeanPostProcessors (for example: not eligible for auto-proxying)
2019-05-08 15:56:24,923:INFO main (SpringApplication.java:597) - The following profiles are active: local
2019-05-08 15:56:24,960:INFO main (AbstractApplicationContext.java:583) - Refreshing org.springframework.boot.context.embedded.AnnotationConfigEmbeddedWebApplicationContext@2127e66e: startup date [Wed May 08 15:56:24 CST 2019]; parent: org.springframework.context.annotation.AnnotationConfigApplicationContext@33a2499c
2019-05-08 15:56:27,331:INFO main (DefaultListableBeanFactory.java:828) - Overriding bean definition for bean 'redisUtils' with a different definition: replacing [Generic bean: class [com.vpclub.redis.RedisUtils]; scope=singleton; abstract=false; lazyInit=false; autowireMode=0; dependencyCheck=0; autowireCandidate=true; primary=false; factoryBeanName=null; factoryMethodName=null; initMethodName=null; destroyMethodName=null; defined in file [D:\Git\project\new\vpjoinin\common\common-model\target\classes\com\vpclub\redis\RedisUtils.class]] with [Root bean: class [null]; scope=; abstract=false; lazyInit=false; autowireMode=3; dependencyCheck=0; autowireCandidate=true; primary=false; factoryBeanName=redisAutoConfiguration; factoryMethodName=redisUtils; initMethodName=null; destroyMethodName=(inferred); defined in class path resource [com/vpclub/redis/RedisAutoConfiguration.class]]
2019-05-08 15:56:28,061:INFO main (RepositoryConfigurationDelegate.java:165) - Multiple Spring Data modules found, entering strict repository configuration mode!
2019-05-08 15:56:28,257:INFO main (DefaultListableBeanFactory.java:828) - Overriding bean definition for bean 'characterEncodingFilter' with a different definition: replacing [Root bean: class [null]; scope=; abstract=false; lazyInit=false; autowireMode=3; dependencyCheck=0; autowireCandidate=true; primary=false; factoryBeanName=webMvcConfigurer; factoryMethodName=characterEncodingFilter; initMethodName=null; destroyMethodName=(inferred); defined in class path resource [com/vpclub/config/WebMvcConfigurer.class]] with [Root bean: class [null]; scope=; abstract=false; lazyInit=false; autowireMode=3; dependencyCheck=0; autowireCandidate=true; primary=false; factoryBeanName=org.springframework.boot.autoconfigure.web.HttpEncodingAutoConfiguration; factoryMethodName=characterEncodingFilter; initMethodName=null; destroyMethodName=(inferred); defined in class path resource [org/springframework/boot/autoconfigure/web/HttpEncodingAutoConfiguration.class]]
2019-05-08 15:56:29,050:INFO main (GenericScope.java:287) - BeanFactory id=d4e9792a-41bb-300c-8387-c9a05461aaea
2019-05-08 15:56:29,095:INFO main (AutowiredAnnotationBeanPostProcessor.java:155) - JSR-330 'javax.inject.Inject' annotation found and supported for autowiring
2019-05-08 15:56:29,203:INFO main (PostProcessorRegistrationDelegate.java:327) - Bean 'com.vpclub.admin.service.ShiroService' of type [org.springframework.cloud.netflix.feign.FeignClientFactoryBean] is not eligible for getting processed by all BeanPostProcessors (for example: not eligible for auto-proxying)
2019-05-08 15:56:29,206:INFO main (PostProcessorRegistrationDelegate.java:327) - Bean 'com.vpclub.admin.service.SysMenuService' of type [org.springframework.cloud.netflix.feign.FeignClientFactoryBean] is not eligible for getting processed by all BeanPostProcessors (for example: not eligible for auto-proxying)
2019-05-08 15:56:29,213:INFO main (PostProcessorRegistrationDelegate.java:327) - Bean 'com.vpclub.admin.service.SysUserService' of type [org.springframework.cloud.netflix.feign.FeignClientFactoryBean] is not eligible for getting processed by all BeanPostProcessors (for example: not eligible for auto-proxying)
2019-05-08 15:56:29,216:INFO main (PostProcessorRegistrationDelegate.java:327) - Bean 'com.vpclub.admin.service.SysUserTokenService' of type [org.springframework.cloud.netflix.feign.FeignClientFactoryBean] is not eligible for getting processed by all BeanPostProcessors (for example: not eligible for auto-proxying)
2019-05-08 15:56:29,242:INFO main (PostProcessorRegistrationDelegate.java:327) - Bean 'ueditor-com.vpclub.ueditor.UeditorConfig' of type [com.vpclub.ueditor.UeditorConfig] is not eligible for getting processed by all BeanPostProcessors (for example: not eligible for auto-proxying)
2019-05-08 15:56:29,243:INFO main (PostProcessorRegistrationDelegate.java:327) - Bean 'webMvcConfigurer' of type [com.vpclub.config.WebMvcConfigurer$$EnhancerBySpringCGLIB$$a803be1a] is not eligible for getting processed by all BeanPostProcessors (for example: not eligible for auto-proxying)
2019-05-08 15:56:29,304:INFO main (PostProcessorRegistrationDelegate.java:327) - Bean 'validator' of type [org.hibernate.validator.internal.engine.ValidatorImpl] is not eligible for getting processed by all BeanPostProcessors (for example: not eligible for auto-proxying)
2019-05-08 15:56:29,810:INFO main (PostProcessorRegistrationDelegate.java:327) - Bean 'org.springframework.cache.annotation.ProxyCachingConfiguration' of type [org.springframework.cache.annotation.ProxyCachingConfiguration$$EnhancerBySpringCGLIB$$84c4786] is not eligible for getting processed by all BeanPostProcessors (for example: not eligible for auto-proxying)
2019-05-08 15:56:30,084:INFO main (PostProcessorRegistrationDelegate.java:327) - Bean 'org.springframework.boot.autoconfigure.cache.CacheAutoConfiguration' of type [org.springframework.boot.autoconfigure.cache.CacheAutoConfiguration$$EnhancerBySpringCGLIB$$fcc00c2a] is not eligible for getting processed by all BeanPostProcessors (for example: not eligible for auto-proxying)
2019-05-08 15:56:30,175:INFO main (PostProcessorRegistrationDelegate.java:327) - Bean 'spring.cache-org.springframework.boot.autoconfigure.cache.CacheProperties' of type [org.springframework.boot.autoconfigure.cache.CacheProperties] is not eligible for getting processed by all BeanPostProcessors (for example: not eligible for auto-proxying)
2019-05-08 15:56:30,219:INFO main (PostProcessorRegistrationDelegate.java:327) - Bean 'cacheManagerCustomizers' of type [org.springframework.boot.autoconfigure.cache.CacheManagerCustomizers] is not eligible for getting processed by all BeanPostProcessors (for example: not eligible for auto-proxying)
2019-05-08 15:56:30,241:INFO main (PostProcessorRegistrationDelegate.java:327) - Bean 'org.springframework.boot.autoconfigure.cache.GuavaCacheConfiguration' of type [org.springframework.boot.autoconfigure.cache.GuavaCacheConfiguration$$EnhancerBySpringCGLIB$$545d44c7] is not eligible for getting processed by all BeanPostProcessors (for example: not eligible for auto-proxying)
2019-05-08 15:56:30,379:INFO main (PostProcessorRegistrationDelegate.java:327) - Bean 'cacheManager' of type [org.springframework.cache.guava.GuavaCacheManager] is not eligible for getting processed by all BeanPostProcessors (for example: not eligible for auto-proxying)
2019-05-08 15:56:30,380:INFO main (PostProcessorRegistrationDelegate.java:327) - Bean 'cacheAutoConfigurationValidator' of type [org.springframework.boot.autoconfigure.cache.CacheAutoConfiguration$CacheManagerValidator] is not eligible for getting processed by all BeanPostProcessors (for example: not eligible for auto-proxying)
2019-05-08 15:56:30,502:INFO main (PostProcessorRegistrationDelegate.java:327) - Bean 'org.springframework.cloud.netflix.metrics.MetricsInterceptorConfiguration$MetricsRestTemplateConfiguration' of type [org.springframework.cloud.netflix.metrics.MetricsInterceptorConfiguration$MetricsRestTemplateConfiguration$$EnhancerBySpringCGLIB$$f166b7a9] is not eligible for getting processed by all BeanPostProcessors (for example: not eligible for auto-proxying)
2019-05-08 15:56:30,550:INFO main (PostProcessorRegistrationDelegate.java:327) - Bean 'org.springframework.cloud.autoconfigure.ConfigurationPropertiesRebinderAutoConfiguration' of type [org.springframework.cloud.autoconfigure.ConfigurationPropertiesRebinderAutoConfiguration$$EnhancerBySpringCGLIB$$db541465] is not eligible for getting processed by all BeanPostProcessors (for example: not eligible for auto-proxying)
2019-05-08 15:56:32,094:INFO main (TomcatEmbeddedServletContainer.java:89) - Tomcat initialized with port(s): 9100 (http)
2019-05-08 15:56:32,118:INFO main (DirectJDKLog.java:179) - Starting service [Tomcat]
2019-05-08 15:56:32,121:INFO main (DirectJDKLog.java:179) - Starting Servlet Engine: Apache Tomcat/8.5.23
2019-05-08 15:56:32,774:INFO localhost-startStop-1 (DirectJDKLog.java:179) - Initializing Spring embedded WebApplicationContext
2019-05-08 15:56:32,774:INFO localhost-startStop-1 (EmbeddedWebApplicationContext.java:276) - Root WebApplicationContext: initialization completed in 7814 ms
2019-05-08 15:56:34,213:INFO localhost-startStop-1 (ServletRegistrationBean.java:190) - Mapping servlet: 'dispatcherServlet' to [/]
2019-05-08 15:56:34,225:INFO localhost-startStop-1 (AbstractFilterRegistrationBean.java:258) - Mapping filter: 'characterEncodingFilter' to: [/*]
2019-05-08 15:56:34,226:INFO localhost-startStop-1 (AbstractFilterRegistrationBean.java:258) - Mapping filter: 'metricsFilter' to: [/*]
2019-05-08 15:56:34,226:INFO localhost-startStop-1 (AbstractFilterRegistrationBean.java:258) - Mapping filter: 'hiddenHttpMethodFilter' to: [/*]
2019-05-08 15:56:34,226:INFO localhost-startStop-1 (AbstractFilterRegistrationBean.java:258) - Mapping filter: 'httpPutFormContentFilter' to: [/*]
2019-05-08 15:56:34,226:INFO localhost-startStop-1 (AbstractFilterRegistrationBean.java:258) - Mapping filter: 'requestContextFilter' to: [/*]
2019-05-08 15:56:34,226:INFO localhost-startStop-1 (AbstractFilterRegistrationBean.java:258) - Mapping filter: 'webRequestLoggingFilter' to: [/*]
2019-05-08 15:56:34,226:INFO localhost-startStop-1 (AbstractFilterRegistrationBean.java:258) - Mapping filter: 'corsFilter' to: [/*]
2019-05-08 15:56:34,226:INFO localhost-startStop-1 (AbstractFilterRegistrationBean.java:258) - Mapping filter: 'applicationContextIdFilter' to: [/*]
2019-05-08 15:56:34,459:INFO main (CacheUtil.java:26) - CacheUtil is init
2019-05-08 15:56:35,288:INFO main (AbstractApplicationContext.java:583) - Refreshing org.springframework.context.annotation.AnnotationConfigApplicationContext@6f1d799: startup date [Wed May 08 15:56:35 CST 2019]; parent: org.springframework.boot.context.embedded.AnnotationConfigEmbeddedWebApplicationContext@2127e66e
2019-05-08 15:56:35,578:INFO main (AutowiredAnnotationBeanPostProcessor.java:155) - JSR-330 'javax.inject.Inject' annotation found and supported for autowiring
2019-05-08 15:56:39,364:WARN main (URLConfigurationSource.java:121) - No URLs will be polled as dynamic configuration sources.
2019-05-08 15:56:39,364:INFO main (URLConfigurationSource.java:122) - To enable URLs as dynamic configuration sources, define System property archaius.configurationSource.additionalUrls or make config.properties available on classpath.
2019-05-08 15:56:39,498:WARN main (URLConfigurationSource.java:121) - No URLs will be polled as dynamic configuration sources.
2019-05-08 15:56:39,499:INFO main (URLConfigurationSource.java:122) - To enable URLs as dynamic configuration sources, define System property archaius.configurationSource.additionalUrls or make config.properties available on classpath.
2019-05-08 15:56:40,327:INFO main (RequestMappingHandlerAdapter.java:534) - Looking for @ControllerAdvice: org.springframework.boot.context.embedded.AnnotationConfigEmbeddedWebApplicationContext@2127e66e: startup date [Wed May 08 15:56:24 CST 2019]; parent: org.springframework.context.annotation.AnnotationConfigApplicationContext@33a2499c
2019-05-08 15:56:40,805:INFO main (AbstractHandlerMethodMapping.java:543) - Mapped "{[/upload]}" onto public java.lang.Object com.vpclub.controller.FileUploadController.fileUpload(org.springframework.web.multipart.MultipartFile)
2019-05-08 15:56:40,810:INFO main (AbstractHandlerMethodMapping.java:543) - Mapped "{[/getToken],methods=[GET]}" onto public java.lang.Object com.vpclub.controller.TokenController.fileUpload(javax.servlet.http.HttpServletRequest,java.lang.Long)
2019-05-08 15:56:40,817:INFO main (AbstractHandlerMethodMapping.java:543) - Mapped "{[/admin/sys/menu/update],methods=[POST]}" onto public cc.vpclub.result.Result com.vpclub.admin.client.SysMenuController.update(com.vpclub.admin.entity.SysMenuEntity)
2019-05-08 15:56:40,818:INFO main (AbstractHandlerMethodMapping.java:543) - Mapped "{[/admin/sys/menu/delete],methods=[POST]}" onto public cc.vpclub.result.Result com.vpclub.admin.client.SysMenuController.delete(com.vpclub.admin.model.request.SysMenuParam)
2019-05-08 15:56:40,819:INFO main (AbstractHandlerMethodMapping.java:543) - Mapped "{[/admin/sys/menu/list],methods=[POST]}" onto public cc.vpclub.result.Result com.vpclub.admin.client.SysMenuController.list(com.vpclub.admin.entity.SysMenuEntity)
2019-05-08 15:56:40,820:INFO main (AbstractHandlerMethodMapping.java:543) - Mapped "{[/admin/sys/menu/save],methods=[POST]}" onto public cc.vpclub.result.Result com.vpclub.admin.client.SysMenuController.save(com.vpclub.admin.entity.SysMenuEntity)
2019-05-08 15:56:40,821:INFO main (AbstractHandlerMethodMapping.java:543) - Mapped "{[/admin/sys/menu/info],methods=[POST]}" onto public cc.vpclub.result.Result com.vpclub.admin.client.SysMenuController.info(com.vpclub.admin.model.request.SysMenuParam)
2019-05-08 15:56:40,822:INFO main (AbstractHandlerMethodMapping.java:543) - Mapped "{[/admin/sys/menu/select],methods=[POST]}" onto public cc.vpclub.result.Result com.vpclub.admin.client.SysMenuController.select()
2019-05-08 15:56:40,823:INFO main (AbstractHandlerMethodMapping.java:543) - Mapped "{[/admin/sys/menu/nav],methods=[POST]}" onto public cc.vpclub.result.Result com.vpclub.admin.client.SysMenuController.nav(java.lang.Long)
2019-05-08 15:56:40,827:INFO main (AbstractHandlerMethodMapping.java:543) - Mapped "{[/admin/sys/user/update],methods=[POST]}" onto public cc.vpclub.result.Result com.vpclub.admin.client.SysUserController.update(com.vpclub.admin.entity.SysUserEntity)
2019-05-08 15:56:40,827:INFO main (AbstractHandlerMethodMapping.java:543) - Mapped "{[/admin/sys/user/delete],methods=[POST]}" onto public cc.vpclub.result.Result com.vpclub.admin.client.SysUserController.delete(com.vpclub.admin.model.request.SysUserParam)
2019-05-08 15:56:40,830:INFO main (AbstractHandlerMethodMapping.java:543) - Mapped "{[/admin/sys/user/list],methods=[POST]}" onto public cc.vpclub.result.Result com.vpclub.admin.client.SysUserController.list(com.vpclub.admin.model.request.SysUserParam)
2019-05-08 15:56:40,831:INFO main (AbstractHandlerMethodMapping.java:543) - Mapped "{[/admin/sys/user/save],methods=[POST]}" onto public cc.vpclub.result.Result com.vpclub.admin.client.SysUserController.save(com.vpclub.admin.entity.SysUserEntity)
2019-05-08 15:56:40,832:INFO main (AbstractHandlerMethodMapping.java:543) - Mapped "{[/admin/sys/user/querUserinfo],methods=[POST]}" onto public cc.vpclub.result.Result com.vpclub.admin.client.SysUserController.info(com.vpclub.admin.model.request.SysUserParam)
2019-05-08 15:56:40,833:INFO main (AbstractHandlerMethodMapping.java:543) - Mapped "{[/admin/sys/user/info],methods=[POST]}" onto public cc.vpclub.result.Result com.vpclub.admin.client.SysUserController.info()
2019-05-08 15:56:40,834:INFO main (AbstractHandlerMethodMapping.java:543) - Mapped "{[/admin/sys/user/password],methods=[POST]}" onto public cc.vpclub.result.Result com.vpclub.admin.client.SysUserController.password(com.vpclub.admin.model.request.PasswordForm)
2019-05-08 15:56:40,835:INFO main (AbstractHandlerMethodMapping.java:543) - Mapped "{[/admin/sys/user/queryByParentIdList],methods=[POST]}" onto public cc.vpclub.result.Result com.vpclub.admin.client.SysUserController.queryByParentIdList()
2019-05-08 15:56:40,840:INFO main (AbstractHandlerMethodMapping.java:543) - Mapped "{[/admin/sys/token/logout],methods=[POST]}" onto public cc.vpclub.result.Result com.vpclub.admin.client.SysUserTokenController.logout(long)
2019-05-08 15:56:40,841:INFO main (AbstractHandlerMethodMapping.java:543) - Mapped "{[/admin/sys/token/createToken],methods=[POST]}" onto public cc.vpclub.result.Result com.vpclub.admin.client.SysUserTokenController.createToken(long)
2019-05-08 15:56:40,843:INFO main (AbstractHandlerMethodMapping.java:543) - Mapped "{[/shiroClient/queryByToken]}" onto public abstract com.vpclub.admin.entity.SysUserTokenEntity com.vpclub.admin.client.ShiroClient.queryByToken(java.lang.String)
2019-05-08 15:56:40,843:INFO main (AbstractHandlerMethodMapping.java:543) - Mapped "{[/shiroClient/getUserPermissions]}" onto public abstract java.util.Set<java.lang.String> com.vpclub.admin.client.ShiroClient.getUserPermissions(long)
2019-05-08 15:56:40,861:INFO main (AbstractHandlerMethodMapping.java:543) - Mapped "{[/sysMenuClient/delete],methods=[POST],consumes=[application/json]}" onto public abstract void com.vpclub.admin.client.SysMenuClient.delete(java.lang.Long)
2019-05-08 15:56:40,861:INFO main (AbstractHandlerMethodMapping.java:543) - Mapped "{[/sysMenuClient/insert],methods=[POST],consumes=[application/json]}" onto public abstract cc.vpclub.result.Result com.vpclub.admin.client.SysMenuClient.insert(com.vpclub.admin.entity.SysMenuEntity)
2019-05-08 15:56:40,862:INFO main (AbstractHandlerMethodMapping.java:543) - Mapped "{[/sysMenuClient/updateById],methods=[POST],consumes=[application/json]}" onto public abstract cc.vpclub.result.Result com.vpclub.admin.client.SysMenuClient.updateById(com.vpclub.admin.entity.SysMenuEntity)
2019-05-08 15:56:40,863:INFO main (AbstractHandlerMethodMapping.java:543) - Mapped "{[/sysMenuClient/getRoleMenuList]}" onto public abstract java.util.List<com.vpclub.admin.entity.SysMenuEntity> com.vpclub.admin.client.SysMenuClient.getRoleMenuList(java.lang.Long)
2019-05-08 15:56:40,863:INFO main (AbstractHandlerMethodMapping.java:543) - Mapped "{[/sysMenuClient/selectList],methods=[POST],consumes=[application/json]}" onto public abstract java.util.List<com.vpclub.admin.entity.SysMenuEntity> com.vpclub.admin.client.SysMenuClient.selectList(com.vpclub.admin.entity.SysMenuEntity)
2019-05-08 15:56:40,864:INFO main (AbstractHandlerMethodMapping.java:543) - Mapped "{[/sysMenuClient/selectById],methods=[POST],consumes=[application/json]}" onto public abstract com.vpclub.admin.entity.SysMenuEntity com.vpclub.admin.client.SysMenuClient.selectById(java.lang.Long)
2019-05-08 15:56:40,864:INFO main (AbstractHandlerMethodMapping.java:543) - Mapped "{[/sysMenuClient/getUserMenuList]}" onto public abstract java.util.List<com.vpclub.admin.entity.SysMenuEntity> com.vpclub.admin.client.SysMenuClient.getUserMenuList(java.lang.Long)
2019-05-08 15:56:40,865:INFO main (AbstractHandlerMethodMapping.java:543) - Mapped "{[/sysMenuClient/queryNotButtonList],methods=[POST],consumes=[application/json]}" onto public abstract java.util.List<com.vpclub.admin.entity.SysMenuEntity> com.vpclub.admin.client.SysMenuClient.queryNotButtonList()
2019-05-08 15:56:40,865:INFO main (AbstractHandlerMethodMapping.java:543) - Mapped "{[/sysMenuClient/queryListParentId],methods=[POST],consumes=[application/json]}" onto public abstract java.util.List<com.vpclub.admin.entity.SysMenuEntity> com.vpclub.admin.client.SysMenuClient.queryListParentId(java.lang.Long)
2019-05-08 15:56:40,889:INFO main (AbstractHandlerMethodMapping.java:543) - Mapped "{[/sysUserClient/register],methods=[POST],consumes=[application/json]}" onto public abstract void com.vpclub.admin.client.SysUserClient.register(com.vpclub.admin.entity.SysUserEntity)
2019-05-08 15:56:40,890:INFO main (AbstractHandlerMethodMapping.java:543) - Mapped "{[/sysUserClient/update],methods=[POST],consumes=[application/json]}" onto public abstract void com.vpclub.admin.client.SysUserClient.update(com.vpclub.admin.entity.SysUserEntity)
2019-05-08 15:56:40,893:INFO main (AbstractHandlerMethodMapping.java:543) - Mapped "{[/sysUserClient/save],methods=[POST],consumes=[application/json]}" onto public abstract cc.vpclub.result.Result com.vpclub.admin.client.SysUserClient.save(com.vpclub.admin.entity.SysUserEntity)
2019-05-08 15:56:40,895:INFO main (AbstractHandlerMethodMapping.java:543) - Mapped "{[/sysUserClient/page],methods=[POST],consumes=[application/json]}" onto public abstract cc.vpclub.result.Result com.vpclub.admin.client.SysUserClient.page(com.vpclub.admin.model.request.SysUserParam)
2019-05-08 15:56:40,896:INFO main (AbstractHandlerMethodMapping.java:543) - Mapped "{[/sysUserClient/deleteByUserId],methods=[POST],consumes=[application/json]}" onto public abstract void com.vpclub.admin.client.SysUserClient.deleteByUserId(com.vpclub.admin.model.request.SysUserParam)
2019-05-08 15:56:40,896:INFO main (AbstractHandlerMethodMapping.java:543) - Mapped "{[/sysUserClient/selectById]}" onto public abstract com.vpclub.admin.entity.SysUserEntity com.vpclub.admin.client.SysUserClient.selectById(java.lang.Long)
2019-05-08 15:56:40,896:INFO main (AbstractHandlerMethodMapping.java:543) - Mapped "{[/sysUserClient/queryAllMenuId]}" onto public abstract java.util.List<java.lang.Long> com.vpclub.admin.client.SysUserClient.queryAllMenuId(java.lang.Long)
2019-05-08 15:56:40,897:INFO main (AbstractHandlerMethodMapping.java:543) - Mapped "{[/sysUserClient/queryByUserName],methods=[GET]}" onto public abstract com.vpclub.admin.entity.SysUserEntity com.vpclub.admin.client.SysUserClient.queryByUserName(java.lang.String)
2019-05-08 15:56:40,898:INFO main (AbstractHandlerMethodMapping.java:543) - Mapped "{[/sysUserClient/updatePassword],methods=[POST]}" onto public abstract boolean com.vpclub.admin.client.SysUserClient.updatePassword(java.lang.Long,java.lang.String,java.lang.String)
2019-05-08 15:56:40,898:INFO main (AbstractHandlerMethodMapping.java:543) - Mapped "{[/sysUserClient/queryPage],methods=[POST],consumes=[application/json]}" onto public abstract cc.vpclub.result.Result com.vpclub.admin.client.SysUserClient.queryPage(com.vpclub.admin.model.request.SysUserParam)
2019-05-08 15:56:40,898:INFO main (AbstractHandlerMethodMapping.java:543) - Mapped "{[/sysUserClient/queryByParentId]}" onto public abstract java.util.List<com.vpclub.admin.entity.SysUserEntity> com.vpclub.admin.client.SysUserClient.queryByParentId(java.lang.String)
2019-05-08 15:56:40,899:INFO main (AbstractHandlerMethodMapping.java:543) - Mapped "{[/sysUserClient/queryAllPerms],methods=[GET]}" onto public abstract java.util.List<java.lang.String> com.vpclub.admin.client.SysUserClient.queryAllPerms(java.lang.Long)
2019-05-08 15:56:40,899:INFO main (AbstractHandlerMethodMapping.java:543) - Mapped "{[/sysUserClient/deleteBatch],methods=[GET]}" onto public abstract void com.vpclub.admin.client.SysUserClient.deleteBatch(java.lang.Long[])
2019-05-08 15:56:40,899:INFO main (AbstractHandlerMethodMapping.java:543) - Mapped "{[/sysUserClient/queryByPhone],methods=[POST],consumes=[application/json]}" onto public abstract com.vpclub.admin.entity.SysUserEntity com.vpclub.admin.client.SysUserClient.queryByPhone(com.vpclub.admin.entity.SysUserEntity)
2019-05-08 15:56:40,901:INFO main (AbstractHandlerMethodMapping.java:543) - Mapped "{[/sysUserTokenClient/logout]}" onto public abstract cc.vpclub.result.Result com.vpclub.admin.client.SysUserTokenClient.logout(long)
2019-05-08 15:56:40,901:INFO main (AbstractHandlerMethodMapping.java:543) - Mapped "{[/sysUserTokenClient/createToken]}" onto public abstract cc.vpclub.result.Result com.vpclub.admin.client.SysUserTokenClient.createToken(long)
2019-05-08 15:56:40,906:INFO main (AbstractHandlerMethodMapping.java:543) - Mapped "{[/error]}" onto public org.springframework.http.ResponseEntity<java.util.Map<java.lang.String, java.lang.Object>> org.springframework.boot.autoconfigure.web.BasicErrorController.error(javax.servlet.http.HttpServletRequest)
2019-05-08 15:56:40,907:INFO main (AbstractHandlerMethodMapping.java:543) - Mapped "{[/error],produces=[text/html]}" onto public org.springframework.web.servlet.ModelAndView org.springframework.boot.autoconfigure.web.BasicErrorController.errorHtml(javax.servlet.http.HttpServletRequest,javax.servlet.http.HttpServletResponse)
2019-05-08 15:56:41,129:INFO main (AbstractUrlHandlerMapping.java:362) - Mapped URL path [/upload/**] onto handler of type [class org.springframework.web.servlet.resource.ResourceHttpRequestHandler]
2019-05-08 15:56:41,131:INFO main (AbstractUrlHandlerMapping.java:362) - Mapped URL path [/webjars/**] onto handler of type [class org.springframework.web.servlet.resource.ResourceHttpRequestHandler]
2019-05-08 15:56:41,131:INFO main (AbstractUrlHandlerMapping.java:362) - Mapped URL path [/**] onto handler of type [class org.springframework.web.servlet.resource.ResourceHttpRequestHandler]
2019-05-08 15:56:41,328:INFO main (ExceptionHandlerExceptionResolver.java:273) - Detected @ExceptionHandler methods in globalExceptionResolver
2019-05-08 15:56:41,535:INFO main (AbstractUrlHandlerMapping.java:362) - Mapped URL path [/**/favicon.ico] onto handler of type [class org.springframework.web.servlet.resource.ResourceHttpRequestHandler]
2019-05-08 15:56:45,818:INFO main (AbstractHandlerMethodMapping.java:543) - Mapped "{[/loggers/{name:.*}],methods=[GET],produces=[application/vnd.spring-boot.actuator.v1+json || application/json]}" onto public java.lang.Object org.springframework.boot.actuate.endpoint.mvc.LoggersMvcEndpoint.get(java.lang.String)
2019-05-08 15:56:45,819:INFO main (AbstractHandlerMethodMapping.java:543) - Mapped "{[/loggers/{name:.*}],methods=[POST],consumes=[application/vnd.spring-boot.actuator.v1+json || application/json],produces=[application/vnd.spring-boot.actuator.v1+json || application/json]}" onto public java.lang.Object org.springframework.boot.actuate.endpoint.mvc.LoggersMvcEndpoint.set(java.lang.String,java.util.Map<java.lang.String, java.lang.String>)
2019-05-08 15:56:45,820:INFO main (AbstractHandlerMethodMapping.java:543) - Mapped "{[/loggers || /loggers.json],methods=[GET],produces=[application/vnd.spring-boot.actuator.v1+json || application/json]}" onto public java.lang.Object org.springframework.boot.actuate.endpoint.mvc.EndpointMvcAdapter.invoke()
2019-05-08 15:56:45,822:INFO main (AbstractHandlerMethodMapping.java:543) - Mapped "{[/health || /health.json],methods=[GET],produces=[application/vnd.spring-boot.actuator.v1+json || application/json]}" onto public java.lang.Object org.springframework.boot.actuate.endpoint.mvc.HealthMvcEndpoint.invoke(javax.servlet.http.HttpServletRequest,java.security.Principal)
2019-05-08 15:56:45,824:INFO main (AbstractHandlerMethodMapping.java:543) - Mapped "{[/env/{name:.*}],methods=[GET],produces=[application/vnd.spring-boot.actuator.v1+json || application/json]}" onto public java.lang.Object org.springframework.boot.actuate.endpoint.mvc.EnvironmentMvcEndpoint.value(java.lang.String)
2019-05-08 15:56:45,824:INFO main (AbstractHandlerMethodMapping.java:543) - Mapped "{[/env || /env.json],methods=[GET],produces=[application/vnd.spring-boot.actuator.v1+json || application/json]}" onto public java.lang.Object org.springframework.boot.actuate.endpoint.mvc.EndpointMvcAdapter.invoke()
2019-05-08 15:56:45,825:INFO main (AbstractHandlerMethodMapping.java:543) - Mapped "{[/configprops || /configprops.json],methods=[GET],produces=[application/vnd.spring-boot.actuator.v1+json || application/json]}" onto public java.lang.Object org.springframework.boot.actuate.endpoint.mvc.EndpointMvcAdapter.invoke()
2019-05-08 15:56:45,826:INFO main (AbstractHandlerMethodMapping.java:543) - Mapped "{[/service-registry/instance-status],methods=[GET]}" onto public org.springframework.http.ResponseEntity org.springframework.cloud.client.serviceregistry.endpoint.ServiceRegistryEndpoint.getStatus()
2019-05-08 15:56:45,826:INFO main (AbstractHandlerMethodMapping.java:543) - Mapped "{[/service-registry/instance-status],methods=[POST]}" onto public org.springframework.http.ResponseEntity<?> org.springframework.cloud.client.serviceregistry.endpoint.ServiceRegistryEndpoint.setStatus(java.lang.String)
2019-05-08 15:56:45,827:INFO main (AbstractHandlerMethodMapping.java:543) - Mapped "{[/beans || /beans.json],methods=[GET],produces=[application/vnd.spring-boot.actuator.v1+json || application/json]}" onto public java.lang.Object org.springframework.boot.actuate.endpoint.mvc.EndpointMvcAdapter.invoke()
2019-05-08 15:56:45,831:INFO main (AbstractHandlerMethodMapping.java:543) - Mapped "{[/autoconfig || /autoconfig.json],methods=[GET],produces=[application/vnd.spring-boot.actuator.v1+json || application/json]}" onto public java.lang.Object org.springframework.boot.actuate.endpoint.mvc.EndpointMvcAdapter.invoke()
2019-05-08 15:56:45,832:INFO main (AbstractHandlerMethodMapping.java:543) - Mapped "{[/dump || /dump.json],methods=[GET],produces=[application/vnd.spring-boot.actuator.v1+json || application/json]}" onto public java.lang.Object org.springframework.boot.actuate.endpoint.mvc.EndpointMvcAdapter.invoke()
2019-05-08 15:56:45,833:INFO main (AbstractHandlerMethodMapping.java:543) - Mapped "{[/env],methods=[POST]}" onto public java.lang.Object org.springframework.cloud.context.environment.EnvironmentManagerMvcEndpoint.value(java.util.Map<java.lang.String, java.lang.String>)
2019-05-08 15:56:45,834:INFO main (AbstractHandlerMethodMapping.java:543) - Mapped "{[/env/reset],methods=[POST]}" onto public java.util.Map<java.lang.String, java.lang.Object> org.springframework.cloud.context.environment.EnvironmentManagerMvcEndpoint.reset()
2019-05-08 15:56:45,836:INFO main (AbstractHandlerMethodMapping.java:543) - Mapped "{[/metrics/{name:.*}],methods=[GET],produces=[application/vnd.spring-boot.actuator.v1+json || application/json]}" onto public java.lang.Object org.springframework.boot.actuate.endpoint.mvc.MetricsMvcEndpoint.value(java.lang.String)
2019-05-08 15:56:45,836:INFO main (AbstractHandlerMethodMapping.java:543) - Mapped "{[/metrics || /metrics.json],methods=[GET],produces=[application/vnd.spring-boot.actuator.v1+json || application/json]}" onto public java.lang.Object org.springframework.boot.actuate.endpoint.mvc.EndpointMvcAdapter.invoke()
2019-05-08 15:56:45,838:INFO main (AbstractHandlerMethodMapping.java:543) - Mapped "{[/heapdump || /heapdump.json],methods=[GET],produces=[application/octet-stream]}" onto public void org.springframework.boot.actuate.endpoint.mvc.HeapdumpMvcEndpoint.invoke(boolean,javax.servlet.http.HttpServletRequest,javax.servlet.http.HttpServletResponse) throws java.io.IOException,javax.servlet.ServletException
2019-05-08 15:56:45,839:INFO main (AbstractHandlerMethodMapping.java:543) - Mapped "{[/refresh || /refresh.json],methods=[POST]}" onto public java.lang.Object org.springframework.cloud.endpoint.GenericPostableMvcEndpoint.invoke()
2019-05-08 15:56:45,841:INFO main (AbstractHandlerMethodMapping.java:543) - Mapped "{[/auditevents || /auditevents.json],methods=[GET],produces=[application/vnd.spring-boot.actuator.v1+json || application/json]}" onto public org.springframework.http.ResponseEntity<?> org.springframework.boot.actuate.endpoint.mvc.AuditEventsMvcEndpoint.findByPrincipalAndAfterAndType(java.lang.String,java.util.Date,java.lang.String)
2019-05-08 15:56:45,842:INFO main (AbstractHandlerMethodMapping.java:543) - Mapped "{[/features || /features.json],methods=[GET],produces=[application/vnd.spring-boot.actuator.v1+json || application/json]}" onto public java.lang.Object org.springframework.boot.actuate.endpoint.mvc.EndpointMvcAdapter.invoke()
2019-05-08 15:56:45,842:INFO main (AbstractHandlerMethodMapping.java:543) - Mapped "{[/mappings || /mappings.json],methods=[GET],produces=[application/vnd.spring-boot.actuator.v1+json || application/json]}" onto public java.lang.Object org.springframework.boot.actuate.endpoint.mvc.EndpointMvcAdapter.invoke()
2019-05-08 15:56:45,843:INFO main (AbstractHandlerMethodMapping.java:543) - Mapped "{[/archaius || /archaius.json],methods=[GET],produces=[application/vnd.spring-boot.actuator.v1+json || application/json]}" onto public java.lang.Object org.springframework.boot.actuate.endpoint.mvc.EndpointMvcAdapter.invoke()
2019-05-08 15:56:45,844:INFO main (AbstractHandlerMethodMapping.java:543) - Mapped "{[/trace || /trace.json],methods=[GET],produces=[application/vnd.spring-boot.actuator.v1+json || application/json]}" onto public java.lang.Object org.springframework.boot.actuate.endpoint.mvc.EndpointMvcAdapter.invoke()
2019-05-08 15:56:45,847:INFO main (AbstractHandlerMethodMapping.java:543) - Mapped "{[/info || /info.json],methods=[GET],produces=[application/vnd.spring-boot.actuator.v1+json || application/json]}" onto public java.lang.Object org.springframework.boot.actuate.endpoint.mvc.EndpointMvcAdapter.invoke()
2019-05-08 15:56:46,922:INFO main (MBeanExporter.java:431) - Registering beans for JMX exposure on startup
2019-05-08 15:56:46,949:INFO main (MBeanExporter.java:916) - Bean with name 'environmentManager' has been autodetected for JMX exposure
2019-05-08 15:56:46,954:INFO main (MBeanExporter.java:916) - Bean with name 'configurationPropertiesRebinder' has been autodetected for JMX exposure
2019-05-08 15:56:46,955:INFO main (MBeanExporter.java:916) - Bean with name 'refreshEndpoint' has been autodetected for JMX exposure
2019-05-08 15:56:46,955:INFO main (MBeanExporter.java:916) - Bean with name 'serviceRegistryEndpoint' has been autodetected for JMX exposure
2019-05-08 15:56:46,957:INFO main (MBeanExporter.java:916) - Bean with name 'refreshScope' has been autodetected for JMX exposure
2019-05-08 15:56:46,963:INFO main (MBeanExporter.java:678) - Located managed bean 'environmentManager': registering with JMX server as MBean [org.springframework.cloud.context.environment:name=environmentManager,type=EnvironmentManager]
2019-05-08 15:56:46,990:INFO main (MBeanExporter.java:678) - Located managed bean 'serviceRegistryEndpoint': registering with JMX server as MBean [org.springframework.cloud.client.serviceregistry.endpoint:name=serviceRegistryEndpoint,type=ServiceRegistryEndpoint]
2019-05-08 15:56:47,003:INFO main (MBeanExporter.java:678) - Located managed bean 'refreshScope': registering with JMX server as MBean [org.springframework.cloud.context.scope.refresh:name=refreshScope,type=RefreshScope]
2019-05-08 15:56:47,043:INFO main (MBeanExporter.java:678) - Located managed bean 'configurationPropertiesRebinder': registering with JMX server as MBean [org.springframework.cloud.context.properties:name=configurationPropertiesRebinder,context=2127e66e,type=ConfigurationPropertiesRebinder]
2019-05-08 15:56:47,065:INFO main (MBeanExporter.java:678) - Located managed bean 'refreshEndpoint': registering with JMX server as MBean [org.springframework.cloud.endpoint:name=refreshEndpoint,type=RefreshEndpoint]
2019-05-08 15:56:47,072:INFO main (MBeanExporter.java:431) - Registering beans for JMX exposure on startup
2019-05-08 15:56:47,603:INFO main (DefaultLifecycleProcessor.java:343) - Starting beans in phase 0
2019-05-08 15:56:47,642:INFO main (InstanceInfoFactory.java:71) - Setting initial instance status as: STARTING
2019-05-08 15:56:47,762:INFO main (DiscoveryClient.java:347) - Initializing Eureka in region us-east-1
2019-05-08 15:56:49,197:INFO main (DiscoveryJerseyProvider.java:70) - Using JSON encoding codec LegacyJacksonJson
2019-05-08 15:56:49,198:INFO main (DiscoveryJerseyProvider.java:71) - Using JSON decoding codec LegacyJacksonJson
2019-05-08 15:56:49,493:INFO main (DiscoveryJerseyProvider.java:80) - Using XML encoding codec XStreamXml
2019-05-08 15:56:49,494:INFO main (DiscoveryJerseyProvider.java:81) - Using XML decoding codec XStreamXml
2019-05-08 15:56:50,107:INFO main (ConfigClusterResolver.java:43) - Resolving eureka endpoints via configuration
2019-05-08 15:56:50,739:INFO main (DiscoveryClient.java:929) - Disable delta property : false
2019-05-08 15:56:50,740:INFO main (DiscoveryClient.java:930) - Single vip registry refresh property : null
2019-05-08 15:56:50,740:INFO main (DiscoveryClient.java:931) - Force full registry fetch : false
2019-05-08 15:56:50,741:INFO main (DiscoveryClient.java:932) - Application is null : false
2019-05-08 15:56:50,741:INFO main (DiscoveryClient.java:933) - Registered Applications size is zero : true
2019-05-08 15:56:50,741:INFO main (DiscoveryClient.java:935) - Application version is -1: true
2019-05-08 15:56:50,742:INFO main (DiscoveryClient.java:1018) - Getting all instance registry info from the eureka server
2019-05-08 15:56:51,051:INFO main (DiscoveryClient.java:1027) - The response status is 200
2019-05-08 15:56:51,054:INFO main (DiscoveryClient.java:1253) - Starting heartbeat executor: renew interval is: 5
2019-05-08 15:56:51,062:INFO main (InstanceInfoReplicator.java:59) - InstanceInfoReplicator onDemand update allowed rate per min is 4
2019-05-08 15:56:51,069:INFO main (DiscoveryClient.java:434) - Discovery Client initialized at timestamp 1557302211065 with initial instances count: 1
2019-05-08 15:56:51,089:INFO main (EurekaServiceRegistry.java:40) - Registering application web-api with eureka with status UP
2019-05-08 15:56:51,091:INFO main (DiscoveryClient.java:1288) - Saw local status change event StatusChangeEvent [timestamp=1557302211091, current=UP, previous=STARTING]
2019-05-08 15:56:51,096:INFO main (MBeanExporter.java:678) - Located managed bean 'auditEventsEndpoint': registering with JMX server as MBean [org.springframework.boot:type=Endpoint,name=auditEventsEndpoint]
2019-05-08 15:56:51,098:INFO DiscoveryClient-InstanceInfoReplicator-0 (DiscoveryClient.java:804) - DiscoveryClient_WEB-API/10.0.1.149:9100: registering service...
2019-05-08 15:56:51,113:INFO main (MBeanExporter.java:678) - Located managed bean 'archaiusEndpoint': registering with JMX server as MBean [org.springframework.boot:type=Endpoint,name=archaiusEndpoint]
2019-05-08 15:56:51,147:INFO main (MBeanExporter.java:678) - Located managed bean 'featuresEndpoint': registering with JMX server as MBean [org.springframework.boot:type=Endpoint,name=featuresEndpoint]
2019-05-08 15:56:51,156:INFO main (MBeanExporter.java:678) - Located managed bean 'requestMappingEndpoint': registering with JMX server as MBean [org.springframework.boot:type=Endpoint,name=requestMappingEndpoint]
2019-05-08 15:56:51,166:INFO main (MBeanExporter.java:678) - Located managed bean 'environmentEndpoint': registering with JMX server as MBean [org.springframework.boot:type=Endpoint,name=environmentEndpoint]
2019-05-08 15:56:51,169:INFO main (MBeanExporter.java:678) - Located managed bean 'healthEndpoint': registering with JMX server as MBean [org.springframework.boot:type=Endpoint,name=healthEndpoint]
2019-05-08 15:56:51,174:INFO main (MBeanExporter.java:678) - Located managed bean 'beansEndpoint': registering with JMX server as MBean [org.springframework.boot:type=Endpoint,name=beansEndpoint]
2019-05-08 15:56:51,176:INFO DiscoveryClient-InstanceInfoReplicator-0 (DiscoveryClient.java:813) - DiscoveryClient_WEB-API/10.0.1.149:9100 - registration status: 204
2019-05-08 15:56:51,195:INFO main (MBeanExporter.java:678) - Located managed bean 'infoEndpoint': registering with JMX server as MBean [org.springframework.boot:type=Endpoint,name=infoEndpoint]
2019-05-08 15:56:51,199:INFO main (MBeanExporter.java:678) - Located managed bean 'loggersEndpoint': registering with JMX server as MBean [org.springframework.boot:type=Endpoint,name=loggersEndpoint]
2019-05-08 15:56:51,214:INFO main (MBeanExporter.java:678) - Located managed bean 'metricsEndpoint': registering with JMX server as MBean [org.springframework.boot:type=Endpoint,name=metricsEndpoint]
2019-05-08 15:56:51,220:INFO main (MBeanExporter.java:678) - Located managed bean 'traceEndpoint': registering with JMX server as MBean [org.springframework.boot:type=Endpoint,name=traceEndpoint]
2019-05-08 15:56:51,242:INFO main (MBeanExporter.java:678) - Located managed bean 'dumpEndpoint': registering with JMX server as MBean [org.springframework.boot:type=Endpoint,name=dumpEndpoint]
2019-05-08 15:56:51,249:INFO main (MBeanExporter.java:678) - Located managed bean 'autoConfigurationReportEndpoint': registering with JMX server as MBean [org.springframework.boot:type=Endpoint,name=autoConfigurationReportEndpoint]
2019-05-08 15:56:51,281:INFO main (MBeanExporter.java:678) - Located managed bean 'configurationPropertiesReportEndpoint': registering with JMX server as MBean [org.springframework.boot:type=Endpoint,name=configurationPropertiesReportEndpoint]
2019-05-08 15:56:51,352:INFO main (DirectJDKLog.java:179) - Initializing ProtocolHandler ["http-nio-9100"]
2019-05-08 15:56:51,430:INFO main (DirectJDKLog.java:179) - Starting ProtocolHandler ["http-nio-9100"]
2019-05-08 15:56:51,489:INFO main (DirectJDKLog.java:179) - Using a shared selector for servlet write/read
2019-05-08 15:56:51,568:INFO main (TomcatEmbeddedServletContainer.java:201) - Tomcat started on port(s): 9100 (http)
2019-05-08 15:56:51,573:INFO main (EurekaAutoServiceRegistration.java:124) - Updating port to 9100
2019-05-08 15:56:51,581:INFO main (StartupInfoLogger.java:57) - Started WebApiApplication in 30.847 seconds (JVM running for 36.153)
2019-05-08 15:57:33,172:INFO http-nio-9100-exec-10 (DirectJDKLog.java:179) - Initializing Spring FrameworkServlet 'dispatcherServlet'
2019-05-08 15:57:33,172:INFO http-nio-9100-exec-10 (FrameworkServlet.java:489) - FrameworkServlet 'dispatcherServlet': initialization started
2019-05-08 15:57:33,266:INFO http-nio-9100-exec-10 (FrameworkServlet.java:508) - FrameworkServlet 'dispatcherServlet': initialization completed in 91 ms
2019-05-08 15:57:33,513:INFO http-nio-9100-exec-10 (AbstractApplicationContext.java:583) - Refreshing org.springframework.context.annotation.AnnotationConfigApplicationContext@2e78488a: startup date [Wed May 08 15:57:33 CST 2019]; parent: org.springframework.boot.context.embedded.AnnotationConfigEmbeddedWebApplicationContext@2127e66e
2019-05-08 15:57:33,665:INFO http-nio-9100-exec-10 (AutowiredAnnotationBeanPostProcessor.java:155) - JSR-330 'javax.inject.Inject' annotation found and supported for autowiring
2019-05-08 15:57:34,185:INFO http-nio-9100-exec-10 (ChainedDynamicProperty.java:115) - Flipping property: service-provider.ribbon.ActiveConnectionsLimit to use NEXT property: niws.loadbalancer.availabilityFilteringRule.activeConnectionsLimit = 2147483647
2019-05-08 15:57:34,227:INFO http-nio-9100-exec-10 (ShutdownEnabledTimer.java:58) - Shutdown hook installed for: NFLoadBalancer-PingTimer-service-provider
2019-05-08 15:57:34,235:INFO http-nio-9100-exec-10 (BaseLoadBalancer.java:192) - Client: service-provider instantiated a LoadBalancer: DynamicServerListLoadBalancer:{NFLoadBalancer:name=service-provider,current list of Servers=[],Load balancer stats=Zone stats: {},Server stats: []}ServerList:null
2019-05-08 15:57:34,246:INFO http-nio-9100-exec-10 (DynamicServerListLoadBalancer.java:222) - Using serverListUpdater PollingServerListUpdater
2019-05-08 15:57:34,291:INFO http-nio-9100-exec-10 (ChainedDynamicProperty.java:115) - Flipping property: service-provider.ribbon.ActiveConnectionsLimit to use NEXT property: niws.loadbalancer.availabilityFilteringRule.activeConnectionsLimit = 2147483647
2019-05-08 15:57:34,299:INFO http-nio-9100-exec-10 (DynamicServerListLoadBalancer.java:150) - DynamicServerListLoadBalancer for client service-provider initialized: DynamicServerListLoadBalancer:{NFLoadBalancer:name=service-provider,current list of Servers=[10.0.1.149:9000],Load balancer stats=Zone stats: {defaultzone=[Zone:defaultzone;	Instance count:1;	Active connections count: 0;	Circuit breaker tripped count: 0;	Active connections per server: 0.0;]
},Server stats: [[Server:10.0.1.149:9000;	Zone:defaultZone;	Total Requests:0;	Successive connection failure:0;	Total blackout seconds:0;	Last connection made:Thu Jan 01 08:00:00 CST 1970;	First connection made: Thu Jan 01 08:00:00 CST 1970;	Active Connections:0;	total failure count in last (1000) msecs:0;	average resp time:0.0;	90 percentile resp time:0.0;	95 percentile resp time:0.0;	min resp time:0.0;	max resp time:0.0;	stddev resp time:0.0]
]}ServerList:org.springframework.cloud.netflix.ribbon.eureka.DomainExtractingServerList@5189a5c3
2019-05-08 15:57:35,254:INFO PollingServerListUpdater-0 (ChainedDynamicProperty.java:115) - Flipping property: service-provider.ribbon.ActiveConnectionsLimit to use NEXT property: niws.loadbalancer.availabilityFilteringRule.activeConnectionsLimit = 2147483647
2019-05-08 16:01:50,749:INFO AsyncResolver-bootstrap-executor-0 (ConfigClusterResolver.java:43) - Resolving eureka endpoints via configuration
2019-05-08 16:06:50,754:INFO AsyncResolver-bootstrap-executor-0 (ConfigClusterResolver.java:43) - Resolving eureka endpoints via configuration
2019-05-08 16:11:50,756:INFO AsyncResolver-bootstrap-executor-0 (ConfigClusterResolver.java:43) - Resolving eureka endpoints via configuration
